#
# A fatal error has been detected by the Java Runtime Environment:
#
#  EXCEPTION_ACCESS_VIOLATION (0xc0000005) at pc=0x00007ff98e0e3e55, pid=323644, tid=0x000000000004f778
#
# JRE version: Java(TM) SE Runtime Environment (8.0_211-b12) (build 1.8.0_211-b12)
# Java VM: Java HotSpot(TM) 64-Bit Server VM (25.211-b12 mixed mode windows-amd64 compressed oops)
# Problematic frame:
# C  [libarcsoft_face.dll+0xb3e55]
#
# Failed to write core dump. Minidumps are not enabled by default on client versions of Windows
#
# If you would like to submit a bug report, please visit:
#   http://bugreport.java.com/bugreport/crash.jsp
# The crash happened outside the Java Virtual Machine in native code.
# See problematic frame for where to report the bug.
#

---------------  T H R E A D  ---------------

Current thread (0x000000001da2d000):  JavaThread "http-nio-8073-exec-11" daemon [_thread_in_native, id=325496, stack(0x00000000318e0000,0x00000000319e0000)]

siginfo: ExceptionCode=0xc0000005, reading address 0x0000000000000000

Registers:
RAX=0x00000000319dc870, RBX=0x0000000020dad040, RCX=0x00000000319dc888, RDX=0x0000000000000001
RSP=0x00000000319dc828, RBP=0x00000000319dc899, RSI=0x0000000000000000, RDI=0x0000000020daf050
R8 =0x0000000000000438, R9 =0x0000000000000780, R10=0x0000000000000000, R11=0x0000000020db11a0
R12=0x0000000020dad040, R13=0x0000000000000001, R14=0x0000000020daf050, R15=0x0000000020daf340
RIP=0x00007ff98e0e3e55, EFLAGS=0x0000000000010246

Top of Stack: (sp=0x00000000319dc828)
0x00000000319dc828:   00007ff98e0e46cc 0000000020daf340
0x00000000319dc838:   00000000219399b8 0000000000000001
0x00000000319dc848:   00007ff98e0e7a3c 0000000000000000
0x00000000319dc858:   00000000319dc870 0000000000000000
0x00000000319dc868:   0000000021905b68 3d249bcc3d9e5a5e
0x00000000319dc878:   3e374d6ebe098445 00000000219037d0
0x00000000319dc888:   0000000000000270 000000000000000d
0x00000000319dc898:   00007ff98e0eadb7 0000000000000000
0x00000000319dc8a8:   0000000000000000 0000000000000000
0x00000000319dc8b8:   0000c5b344037241 0000000000000001
0x00000000319dc8c8:   0000000020db11a0 00000000217d68b8
0x00000000319dc8d8:   00007ff98e0e5a6e 0000000020daf340
0x00000000319dc8e8:   0000000000000001 00000000217d68b8
0x00000000319dc8f8:   00000000319dcc20 0000000000000001
0x00000000319dc908:   0000000000000438 0000000000000780
0x00000000319dc918:   0000000000000000 0000000020db11bc 

Instructions: (pc=0x00007ff98e0e3e55)
0x00007ff98e0e3e35:   38 48 8b 5c 24 40 48 8b 6c 24 48 48 83 c4 20 5e
0x00007ff98e0e3e45:   c3 cc cc cc cc cc cc cc cc cc cc 4c 8b 54 24 28
0x00007ff98e0e3e55:   41 0f 10 02 0f 11 01 f2 41 0f 10 4a 10 f2 0f 11
0x00007ff98e0e3e65:   49 10 83 fa 02 75 12 8b 41 08 f3 0f 10 41 04 89 


Register to memory mapping:

RAX=0x00000000319dc870 is pointing into the stack for thread: 0x000000001da2d000
RBX=0x0000000020dad040 is an unknown value
RCX=0x00000000319dc888 is pointing into the stack for thread: 0x000000001da2d000
RDX=0x0000000000000001 is an unknown value
RSP=0x00000000319dc828 is pointing into the stack for thread: 0x000000001da2d000
RBP=0x00000000319dc899 is pointing into the stack for thread: 0x000000001da2d000
RSI=0x0000000000000000 is an unknown value
RDI=0x0000000020daf050 is an unknown value
R8 =0x0000000000000438 is an unknown value
R9 =0x0000000000000780 is an unknown value
R10=0x0000000000000000 is an unknown value
R11=0x0000000020db11a0 is an unknown value
R12=0x0000000020dad040 is an unknown value
R13=0x0000000000000001 is an unknown value
R14=0x0000000020daf050 is an unknown value
R15=0x0000000020daf340 is an unknown value


Stack: [0x00000000318e0000,0x00000000319e0000],  sp=0x00000000319dc828,  free space=1010k
Native frames: (J=compiled Java code, j=interpreted, Vv=VM code, C=native code)
C  [libarcsoft_face.dll+0xb3e55]

Java frames: (J=compiled Java code, j=interpreted, Vv=VM code)
j  com.arcsoft.face.FaceEngine.detectFaces(J[BIII[Lcom/arcsoft/face/FaceInfo;Lcom/arcsoft/face/FaceEngine;)I+0
j  com.arcsoft.face.FaceEngine.detectFaces([BIILcom/arcsoft/face/enums/ImageFormat;Ljava/util/List;)I+171
j  top.jglo.hotel.controller.Test.addWorker()I+84
v  ~StubRoutines::call_stub
J 1614  sun.reflect.NativeMethodAccessorImpl.invoke0(Ljava/lang/reflect/Method;Ljava/lang/Object;[Ljava/lang/Object;)Ljava/lang/Object; (0 bytes) @ 0x00000000036722bf [0x0000000003672240+0x7f]
J 1613 C1 sun.reflect.NativeMethodAccessorImpl.invoke(Ljava/lang/Object;[Ljava/lang/Object;)Ljava/lang/Object; (104 bytes) @ 0x0000000003672a64 [0x00000000036726a0+0x3c4]
J 1431 C1 sun.reflect.DelegatingMethodAccessorImpl.invoke(Ljava/lang/Object;[Ljava/lang/Object;)Ljava/lang/Object; (10 bytes) @ 0x0000000003602824 [0x00000000036027e0+0x44]
J 1430 C1 java.lang.reflect.Method.invoke(Ljava/lang/Object;[Ljava/lang/Object;)Ljava/lang/Object; (62 bytes) @ 0x0000000003602424 [0x0000000003602320+0x104]
j  org.springframework.web.method.support.InvocableHandlerMethod.doInvoke([Ljava/lang/Object;)Ljava/lang/Object;+16
j  org.springframework.web.method.support.InvocableHandlerMethod.invokeForRequest(Lorg/springframework/web/context/request/NativeWebRequest;Lorg/springframework/web/method/support/ModelAndViewContainer;[Ljava/lang/Object;)Ljava/lang/Object;+75
j  org.springframework.web.servlet.mvc.method.annotation.ServletInvocableHandlerMethod.invokeAndHandle(Lorg/springframework/web/context/request/ServletWebRequest;Lorg/springframework/web/method/support/ModelAndViewContainer;[Ljava/lang/Object;)V+4
j  org.springframework.web.servlet.mvc.method.annotation.RequestMappingHandlerAdapter.invokeHandlerMethod(Ljavax/servlet/http/HttpServletRequest;Ljavax/servlet/http/HttpServletResponse;Lorg/springframework/web/method/HandlerMethod;)Lorg/springframework/web/servlet/ModelAndView;+262
j  org.springframework.web.servlet.mvc.method.annotation.RequestMappingHandlerAdapter.handleInternal(Ljavax/servlet/http/HttpServletRequest;Ljavax/servlet/http/HttpServletResponse;Lorg/springframework/web/method/HandlerMethod;)Lorg/springframework/web/servlet/ModelAndView;+81
j  org.springframework.web.servlet.mvc.method.AbstractHandlerMethodAdapter.handle(Ljavax/servlet/http/HttpServletRequest;Ljavax/servlet/http/HttpServletResponse;Ljava/lang/Object;)Lorg/springframework/web/servlet/ModelAndView;+7
j  org.springframework.web.servlet.DispatcherServlet.doDispatch(Ljavax/servlet/http/HttpServletRequest;Ljavax/servlet/http/HttpServletResponse;)V+318
j  org.springframework.web.servlet.DispatcherServlet.doService(Ljavax/servlet/http/HttpServletRequest;Ljavax/servlet/http/HttpServletResponse;)V+301
j  org.springframework.web.servlet.FrameworkServlet.processRequest(Ljavax/servlet/http/HttpServletRequest;Ljavax/servlet/http/HttpServletResponse;)V+71
j  org.springframework.web.servlet.FrameworkServlet.doPost(Ljavax/servlet/http/HttpServletRequest;Ljavax/servlet/http/HttpServletResponse;)V+3
j  javax.servlet.http.HttpServlet.service(Ljavax/servlet/http/HttpServletRequest;Ljavax/servlet/http/HttpServletResponse;)V+149
j  org.springframework.web.servlet.FrameworkServlet.service(Ljavax/servlet/http/HttpServletRequest;Ljavax/servlet/http/HttpServletResponse;)V+33
j  javax.servlet.http.HttpServlet.service(Ljavax/servlet/ServletRequest;Ljavax/servlet/ServletResponse;)V+30
j  org.apache.catalina.core.ApplicationFilterChain.internalDoFilter(Ljavax/servlet/ServletRequest;Ljavax/servlet/ServletResponse;)V+304
j  org.apache.catalina.core.ApplicationFilterChain.doFilter(Ljavax/servlet/ServletRequest;Ljavax/servlet/ServletResponse;)V+101
j  org.apache.tomcat.websocket.server.WsFilter.doFilter(Ljavax/servlet/ServletRequest;Ljavax/servlet/ServletResponse;Ljavax/servlet/FilterChain;)V+21
j  org.apache.catalina.core.ApplicationFilterChain.internalDoFilter(Ljavax/servlet/ServletRequest;Ljavax/servlet/ServletResponse;)V+135
j  org.apache.catalina.core.ApplicationFilterChain.doFilter(Ljavax/servlet/ServletRequest;Ljavax/servlet/ServletResponse;)V+101
j  org.springframework.web.filter.RequestContextFilter.doFilterInternal(Ljavax/servlet/http/HttpServletRequest;Ljavax/servlet/http/HttpServletResponse;Ljavax/servlet/FilterChain;)V+21
j  org.springframework.web.filter.OncePerRequestFilter.doFilter(Ljavax/servlet/ServletRequest;Ljavax/servlet/ServletResponse;Ljavax/servlet/FilterChain;)V+111
j  org.apache.catalina.core.ApplicationFilterChain.internalDoFilter(Ljavax/servlet/ServletRequest;Ljavax/servlet/ServletResponse;)V+135
j  org.apache.catalina.core.ApplicationFilterChain.doFilter(Ljavax/servlet/ServletRequest;Ljavax/servlet/ServletResponse;)V+101
j  org.springframework.web.filter.HttpPutFormContentFilter.doFilterInternal(Ljavax/servlet/http/HttpServletRequest;Ljavax/servlet/http/HttpServletResponse;Ljavax/servlet/FilterChain;)V+87
j  org.springframework.web.filter.OncePerRequestFilter.doFilter(Ljavax/servlet/ServletRequest;Ljavax/servlet/ServletResponse;Ljavax/servlet/FilterChain;)V+111
j  org.apache.catalina.core.ApplicationFilterChain.internalDoFilter(Ljavax/servlet/ServletRequest;Ljavax/servlet/ServletResponse;)V+135
j  org.apache.catalina.core.ApplicationFilterChain.doFilter(Ljavax/servlet/ServletRequest;Ljavax/servlet/ServletResponse;)V+101
j  org.springframework.web.filter.HiddenHttpMethodFilter.doFilterInternal(Ljavax/servlet/http/HttpServletRequest;Ljavax/servlet/http/HttpServletResponse;Ljavax/servlet/FilterChain;)V+64
j  org.springframework.web.filter.OncePerRequestFilter.doFilter(Ljavax/servlet/ServletRequest;Ljavax/servlet/ServletResponse;Ljavax/servlet/FilterChain;)V+111
j  org.apache.catalina.core.ApplicationFilterChain.internalDoFilter(Ljavax/servlet/ServletRequest;Ljavax/servlet/ServletResponse;)V+135
j  org.apache.catalina.core.ApplicationFilterChain.doFilter(Ljavax/servlet/ServletRequest;Ljavax/servlet/ServletResponse;)V+101
j  org.springframework.web.filter.CharacterEncodingFilter.doFilterInternal(Ljavax/servlet/http/HttpServletRequest;Ljavax/servlet/http/HttpServletResponse;Ljavax/servlet/FilterChain;)V+53
j  org.springframework.web.filter.OncePerRequestFilter.doFilter(Ljavax/servlet/ServletRequest;Ljavax/servlet/ServletResponse;Ljavax/servlet/FilterChain;)V+111
j  org.apache.catalina.core.ApplicationFilterChain.internalDoFilter(Ljavax/servlet/ServletRequest;Ljavax/servlet/ServletResponse;)V+135
j  org.apache.catalina.core.ApplicationFilterChain.doFilter(Ljavax/servlet/ServletRequest;Ljavax/servlet/ServletResponse;)V+101
j  org.apache.catalina.core.StandardWrapperValve.invoke(Lorg/apache/catalina/connector/Request;Lorg/apache/catalina/connector/Response;)V+688
j  org.apache.catalina.core.StandardContextValve.invoke(Lorg/apache/catalina/connector/Request;Lorg/apache/catalina/connector/Response;)V+166
j  org.apache.catalina.authenticator.AuthenticatorBase.invoke(Lorg/apache/catalina/connector/Request;Lorg/apache/catalina/connector/Response;)V+275
j  org.apache.catalina.core.StandardHostValve.invoke(Lorg/apache/catalina/connector/Request;Lorg/apache/catalina/connector/Response;)V+135
j  org.apache.catalina.valves.ErrorReportValve.invoke(Lorg/apache/catalina/connector/Request;Lorg/apache/catalina/connector/Response;)V+6
j  org.apache.catalina.core.StandardEngineValve.invoke(Lorg/apache/catalina/connector/Request;Lorg/apache/catalina/connector/Response;)V+71
j  org.apache.catalina.connector.CoyoteAdapter.service(Lorg/apache/coyote/Request;Lorg/apache/coyote/Response;)V+199
j  org.apache.coyote.http11.Http11Processor.service(Lorg/apache/tomcat/util/net/SocketWrapperBase;)Lorg/apache/tomcat/util/net/AbstractEndpoint$Handler$SocketState;+790
j  org.apache.coyote.AbstractProcessorLight.process(Lorg/apache/tomcat/util/net/SocketWrapperBase;Lorg/apache/tomcat/util/net/SocketEvent;)Lorg/apache/tomcat/util/net/AbstractEndpoint$Handler$SocketState;+106
j  org.apache.coyote.AbstractProtocol$ConnectionHandler.process(Lorg/apache/tomcat/util/net/SocketWrapperBase;Lorg/apache/tomcat/util/net/SocketEvent;)Lorg/apache/tomcat/util/net/AbstractEndpoint$Handler$SocketState;+378
j  org.apache.tomcat.util.net.NioEndpoint$SocketProcessor.doRun()V+191
j  org.apache.tomcat.util.net.SocketProcessorBase.run()V+21
j  java.util.concurrent.ThreadPoolExecutor.runWorker(Ljava/util/concurrent/ThreadPoolExecutor$Worker;)V+95
j  java.util.concurrent.ThreadPoolExecutor$Worker.run()V+5
j  org.apache.tomcat.util.threads.TaskThread$WrappingRunnable.run()V+4
j  java.lang.Thread.run()V+11
v  ~StubRoutines::call_stub

---------------  P R O C E S S  ---------------

Java Threads: ( => current thread )
  0x000000001da31000 JavaThread "Java2D Disposer" daemon [_thread_blocked, id=325564, stack(0x0000000031ce0000,0x0000000031de0000)]
  0x000000001da2f800 JavaThread "http-nio-8073-exec-13" daemon [_thread_blocked, id=325508, stack(0x0000000031be0000,0x0000000031ce0000)]
  0x000000001da2e800 JavaThread "http-nio-8073-exec-9" daemon [_thread_in_Java, id=325504, stack(0x0000000031ae0000,0x0000000031be0000)]
  0x000000001da2c800 JavaThread "http-nio-8073-exec-12" daemon [_thread_blocked, id=325500, stack(0x00000000319e0000,0x0000000031ae0000)]
=>0x000000001da2d000 JavaThread "http-nio-8073-exec-11" daemon [_thread_in_native, id=325496, stack(0x00000000318e0000,0x00000000319e0000)]
  0x000000001da2e000 JavaThread "http-nio-8073-exec-10" daemon [_thread_blocked, id=325492, stack(0x00000000317e0000,0x00000000318e0000)]
  0x000000001da32800 JavaThread "http-nio-8073-exec-7" daemon [_thread_blocked, id=325488, stack(0x00000000316e0000,0x00000000317e0000)]
  0x000000001da31800 JavaThread "http-nio-8073-exec-8" daemon [_thread_in_native, id=325484, stack(0x00000000315e0000,0x00000000316e0000)]
  0x000000001da24000 JavaThread "http-nio-8073-exec-6" daemon [_thread_blocked, id=325480, stack(0x00000000314e0000,0x00000000315e0000)]
  0x000000001da25800 JavaThread "http-nio-8073-exec-5" daemon [_thread_in_Java, id=325476, stack(0x00000000313e0000,0x00000000314e0000)]
  0x000000001da2b000 JavaThread "http-nio-8073-exec-4" daemon [_thread_blocked, id=325472, stack(0x00000000312e0000,0x00000000313e0000)]
  0x000000001da23000 JavaThread "http-nio-8073-exec-3" daemon [_thread_blocked, id=325468, stack(0x00000000311e0000,0x00000000312e0000)]
  0x000000001da26000 JavaThread "http-nio-8073-exec-2" daemon [_thread_blocked, id=325464, stack(0x00000000310e0000,0x00000000311e0000)]
  0x000000001da29800 JavaThread "http-nio-8073-exec-1" daemon [_thread_blocked, id=325404, stack(0x0000000030fe0000,0x00000000310e0000)]
  0x000000001da27000 JavaThread "DestroyJavaVM" [_thread_blocked, id=323688, stack(0x0000000002f70000,0x0000000003070000)]
  0x000000001da28800 JavaThread "http-nio-8073-AsyncTimeout" daemon [_thread_blocked, id=324844, stack(0x00000000309e0000,0x0000000030ae0000)]
  0x000000001da2a000 JavaThread "http-nio-8073-Acceptor-0" daemon [_thread_in_native, id=324840, stack(0x00000000308e0000,0x00000000309e0000)]
  0x000000001da28000 JavaThread "http-nio-8073-ClientPoller-1" daemon [_thread_in_native, id=324836, stack(0x00000000307e0000,0x00000000308e0000)]
  0x000000001da24800 JavaThread "http-nio-8073-ClientPoller-0" daemon [_thread_in_native, id=324832, stack(0x00000000306e0000,0x00000000307e0000)]
  0x000000001d4ac000 JavaThread "NioBlockingSelector.BlockPoller-1" daemon [_thread_in_native, id=324828, stack(0x00000000305e0000,0x00000000306e0000)]
  0x000000001d4b3000 JavaThread "Live Reload Server" daemon [_thread_in_native, id=324808, stack(0x00000000303e0000,0x00000000304e0000)]
  0x000000001d4b2800 JavaThread "File Watcher" daemon [_thread_blocked, id=324800, stack(0x00000000301e0000,0x00000000302e0000)]
  0x000000001d4b1800 JavaThread "Abandoned connection cleanup thread" daemon [_thread_blocked, id=313028, stack(0x000000001ffa0000,0x00000000200a0000)]
  0x000000001d4b1000 JavaThread "Tomcat JDBC Pool Cleaner[414493378:1574758421199]" daemon [_thread_blocked, id=322024, stack(0x000000001fea0000,0x000000001ffa0000)]
  0x000000001d4ae800 JavaThread "container-0" [_thread_blocked, id=324324, stack(0x000000001fca0000,0x000000001fda0000)]
  0x000000001d4af000 JavaThread "ContainerBackgroundProcessor[StandardEngine[Tomcat]]" daemon [_thread_blocked, id=324424, stack(0x000000001fba0000,0x000000001fca0000)]
  0x000000001d4ad800 JavaThread "RMI TCP Connection(idle)" daemon [_thread_blocked, id=324280, stack(0x000000001eba0000,0x000000001eca0000)]
  0x000000001c1cf800 JavaThread "RMI TCP Connection(idle)" daemon [_thread_blocked, id=314796, stack(0x000000001d2d0000,0x000000001d3d0000)]
  0x000000001c1cc000 JavaThread "RMI Scheduler(0)" daemon [_thread_blocked, id=323500, stack(0x000000001d1d0000,0x000000001d2d0000)]
  0x000000001c1c9800 JavaThread "RMI TCP Connection(idle)" daemon [_thread_blocked, id=324180, stack(0x000000001d0d0000,0x000000001d1d0000)]
  0x000000001c08c800 JavaThread "RMI TCP Accept-0" daemon [_thread_in_native, id=311664, stack(0x000000001cc20000,0x000000001cd20000)]
  0x000000001c01e000 JavaThread "RMI TCP Accept-63890" daemon [_thread_in_native, id=324056, stack(0x000000001cb20000,0x000000001cc20000)]
  0x000000001c016000 JavaThread "RMI TCP Accept-0" daemon [_thread_in_native, id=324428, stack(0x000000001ca20000,0x000000001cb20000)]
  0x000000001bde1000 JavaThread "Service Thread" daemon [_thread_blocked, id=321056, stack(0x000000001c920000,0x000000001ca20000)]
  0x000000001bdb1800 JavaThread "C1 CompilerThread2" daemon [_thread_blocked, id=317212, stack(0x000000001c820000,0x000000001c920000)]
  0x000000001bd5b800 JavaThread "C2 CompilerThread1" daemon [_thread_blocked, id=324352, stack(0x000000001c720000,0x000000001c820000)]
  0x000000001bd59000 JavaThread "C2 CompilerThread0" daemon [_thread_blocked, id=319708, stack(0x000000001c620000,0x000000001c720000)]
  0x000000001bad0000 JavaThread "Monitor Ctrl-Break" daemon [_thread_in_native, id=321652, stack(0x000000001c520000,0x000000001c620000)]
  0x000000001a38a800 JavaThread "Attach Listener" daemon [_thread_blocked, id=324388, stack(0x000000001bc20000,0x000000001bd20000)]
  0x000000001a376800 JavaThread "Signal Dispatcher" daemon [_thread_blocked, id=321728, stack(0x000000001bb20000,0x000000001bc20000)]
  0x000000000316a800 JavaThread "Finalizer" daemon [_thread_blocked, id=322312, stack(0x000000001b5c0000,0x000000001b6c0000)]
  0x0000000003167000 JavaThread "Reference Handler" daemon [_thread_blocked, id=321788, stack(0x000000001b4c0000,0x000000001b5c0000)]

Other Threads:
  0x000000001a327800 VMThread [stack: 0x000000001b3c0000,0x000000001b4c0000] [id=324336]
  0x000000001c08e800 WatcherThread [stack: 0x000000001cd20000,0x000000001ce20000] [id=324172]

VM state:not at safepoint (normal execution)

VM Mutex/Monitor currently owned by a thread: None

heap address: 0x0000000701800000, size: 3048 MB, Compressed Oops mode: Zero based, Oop shift amount: 3
Narrow klass base: 0x0000000000000000, Narrow klass shift: 3
Compressed class space size: 1073741824 Address: 0x00000007c0000000

Heap:
 PSYoungGen      total 815104K, used 268181K [0x0000000780800000, 0x00000007c0000000, 0x00000007c0000000)
  eden space 781312K, 30% used [0x0000000780800000,0x000000078ee6b4d0,0x00000007b0300000)
  from space 33792K, 95% used [0x00000007b0300000,0x00000007b227a1a8,0x00000007b2400000)
  to   space 37888K, 0% used [0x00000007bdb00000,0x00000007bdb00000,0x00000007c0000000)
 ParOldGen       total 214528K, used 140724K [0x0000000701800000, 0x000000070e980000, 0x0000000780800000)
  object space 214528K, 65% used [0x0000000701800000,0x000000070a16d338,0x000000070e980000)
 Metaspace       used 47604K, capacity 48364K, committed 48600K, reserved 1091584K
  class space    used 6206K, capacity 6390K, committed 6400K, reserved 1048576K

Card table byte_map: [0x0000000012680000,0x0000000012c80000] byte_map_base: 0x000000000ee74000

Marking Bits: (ParMarkBitMap*) 0x0000000067f65ce0
 Begin Bits: [0x0000000013480000, 0x0000000016420000)
 End Bits:   [0x0000000016420000, 0x00000000193c0000)

Polling page: 0x0000000000bf0000

CodeCache: size=245760Kb used=10884Kb max_used=10915Kb free=234875Kb
 bounds [0x00000000032c0000, 0x0000000003d70000, 0x00000000122c0000]
 total_blobs=5704 nmethods=4930 adapters=685
 compilation: enabled

Compilation events (10 events):
Event: 63.672 Thread 0x000000001bdb1800 5032       1       java.io.BufferedWriter::ensureOpen (18 bytes)
Event: 63.672 Thread 0x000000001bdb1800 nmethod 5032 0x000000000366e350 code [0x000000000366e4c0, 0x000000000366e688]
Event: 63.678 Thread 0x000000001bdb1800 5033       1       java.util.concurrent.atomic.AtomicInteger::addAndGet (14 bytes)
Event: 63.678 Thread 0x000000001bdb1800 nmethod 5033 0x000000000366e090 code [0x000000000366e1e0, 0x000000000366e2f0]
Event: 63.678 Thread 0x000000001bdb1800 5034       1       org.hibernate.internal.AbstractSessionImpl::isClosed (23 bytes)
Event: 63.678 Thread 0x000000001bdb1800 nmethod 5034 0x000000000366dd50 code [0x000000000366dea0, 0x000000000366dff0]
Event: 63.679 Thread 0x000000001bdb1800 5035       1       org.apache.coyote.AbstractProcessor::isAsync (8 bytes)
Event: 63.679 Thread 0x000000001bdb1800 nmethod 5035 0x000000000366d9d0 code [0x000000000366db20, 0x000000000366dc50]
Event: 63.679 Thread 0x000000001bdb1800 5036       1       org.apache.coyote.AsyncStateMachine::isAsync (8 bytes)
Event: 63.679 Thread 0x000000001bdb1800 nmethod 5036 0x000000000340f650 code [0x000000000340f7a0, 0x000000000340f8d0]

GC Heap History (10 events):
Event: 56.734 GC heap before
{Heap before GC invocations=16 (full 2):
 PSYoungGen      total 420864K, used 409331K [0x0000000780800000, 0x00000007a6780000, 0x00000007c0000000)
  eden space 395264K, 100% used [0x0000000780800000,0x0000000798a00000,0x0000000798a00000)
  from space 25600K, 54% used [0x0000000798a00000,0x00000007997bcc60,0x000000079a300000)
  to   space 25088K, 0% used [0x00000007a4f00000,0x00000007a4f00000,0x00000007a6780000)
 ParOldGen       total 92672K, used 39160K [0x0000000701800000, 0x0000000707280000, 0x0000000780800000)
  object space 92672K, 42% used [0x0000000701800000,0x0000000703e3e078,0x0000000707280000)
 Metaspace       used 47602K, capacity 48358K, committed 48600K, reserved 1091584K
  class space    used 6205K, capacity 6389K, committed 6400K, reserved 1048576K
Event: 56.746 GC heap after
Heap after GC invocations=16 (full 2):
 PSYoungGen      total 587264K, used 23158K [0x0000000780800000, 0x00000007a6600000, 0x00000007c0000000)
  eden space 563712K, 0% used [0x0000000780800000,0x0000000780800000,0x00000007a2e80000)
  from space 23552K, 98% used [0x00000007a4f00000,0x00000007a659dba8,0x00000007a6600000)
  to   space 27648K, 0% used [0x00000007a3000000,0x00000007a3000000,0x00000007a4b00000)
 ParOldGen       total 92672K, used 43131K [0x0000000701800000, 0x0000000707280000, 0x0000000780800000)
  object space 92672K, 46% used [0x0000000701800000,0x000000070421ef40,0x0000000707280000)
 Metaspace       used 47602K, capacity 48358K, committed 48600K, reserved 1091584K
  class space    used 6205K, capacity 6389K, committed 6400K, reserved 1048576K
}
Event: 61.023 GC heap before
{Heap before GC invocations=17 (full 2):
 PSYoungGen      total 587264K, used 586870K [0x0000000780800000, 0x00000007a6600000, 0x00000007c0000000)
  eden space 563712K, 100% used [0x0000000780800000,0x00000007a2e80000,0x00000007a2e80000)
  from space 23552K, 98% used [0x00000007a4f00000,0x00000007a659dba8,0x00000007a6600000)
  to   space 27648K, 0% used [0x00000007a3000000,0x00000007a3000000,0x00000007a4b00000)
 ParOldGen       total 92672K, used 43134K [0x0000000701800000, 0x0000000707280000, 0x0000000780800000)
  object space 92672K, 46% used [0x0000000701800000,0x000000070421fbf8,0x0000000707280000)
 Metaspace       used 47604K, capacity 48364K, committed 48600K, reserved 1091584K
  class space    used 6206K, capacity 6390K, committed 6400K, reserved 1048576K
Event: 61.036 GC heap after
Heap after GC invocations=17 (full 2):
 PSYoungGen      total 592896K, used 24492K [0x0000000780800000, 0x00000007b4180000, 0x00000007c0000000)
  eden space 565248K, 0% used [0x0000000780800000,0x0000000780800000,0x00000007a3000000)
  from space 27648K, 88% used [0x00000007a3000000,0x00000007a47eb040,0x00000007a4b00000)
  to   space 30208K, 0% used [0x00000007b2400000,0x00000007b2400000,0x00000007b4180000)
 ParOldGen       total 92672K, used 49226K [0x0000000701800000, 0x0000000707280000, 0x0000000780800000)
  object space 92672K, 53% used [0x0000000701800000,0x0000000704812808,0x0000000707280000)
 Metaspace       used 47604K, capacity 48364K, committed 48600K, reserved 1091584K
  class space    used 6206K, capacity 6390K, committed 6400K, reserved 1048576K
}
Event: 62.196 GC heap before
{Heap before GC invocations=18 (full 2):
 PSYoungGen      total 592896K, used 589740K [0x0000000780800000, 0x00000007b4180000, 0x00000007c0000000)
  eden space 565248K, 100% used [0x0000000780800000,0x00000007a3000000,0x00000007a3000000)
  from space 27648K, 88% used [0x00000007a3000000,0x00000007a47eb040,0x00000007a4b00000)
  to   space 30208K, 0% used [0x00000007b2400000,0x00000007b2400000,0x00000007b4180000)
 ParOldGen       total 92672K, used 49788K [0x0000000701800000, 0x0000000707280000, 0x0000000780800000)
  object space 92672K, 53% used [0x0000000701800000,0x000000070489f328,0x0000000707280000)
 Metaspace       used 47604K, capacity 48364K, committed 48600K, reserved 1091584K
  class space    used 6206K, capacity 6390K, committed 6400K, reserved 1048576K
Event: 62.226 GC heap after
Heap after GC invocations=18 (full 2):
 PSYoungGen      total 811520K, used 27638K [0x0000000780800000, 0x00000007b5200000, 0x00000007c0000000)
  eden space 781312K, 0% used [0x0000000780800000,0x0000000780800000,0x00000007b0300000)
  from space 30208K, 91% used [0x00000007b2400000,0x00000007b3efd8c0,0x00000007b4180000)
  to   space 33792K, 0% used [0x00000007b0300000,0x00000007b0300000,0x00000007b2400000)
 ParOldGen       total 115200K, used 114087K [0x0000000701800000, 0x0000000708880000, 0x0000000780800000)
  object space 115200K, 99% used [0x0000000701800000,0x0000000708769d90,0x0000000708880000)
 Metaspace       used 47604K, capacity 48364K, committed 48600K, reserved 1091584K
  class space    used 6206K, capacity 6390K, committed 6400K, reserved 1048576K
}
Event: 62.227 GC heap before
{Heap before GC invocations=19 (full 3):
 PSYoungGen      total 811520K, used 27638K [0x0000000780800000, 0x00000007b5200000, 0x00000007c0000000)
  eden space 781312K, 0% used [0x0000000780800000,0x0000000780800000,0x00000007b0300000)
  from space 30208K, 91% used [0x00000007b2400000,0x00000007b3efd8c0,0x00000007b4180000)
  to   space 33792K, 0% used [0x00000007b0300000,0x00000007b0300000,0x00000007b2400000)
 ParOldGen       total 115200K, used 114087K [0x0000000701800000, 0x0000000708880000, 0x0000000780800000)
  object space 115200K, 99% used [0x0000000701800000,0x0000000708769d90,0x0000000708880000)
 Metaspace       used 47604K, capacity 48364K, committed 48600K, reserved 1091584K
  class space    used 6206K, capacity 6390K, committed 6400K, reserved 1048576K
Event: 62.462 GC heap after
Heap after GC invocations=19 (full 3):
 PSYoungGen      total 811520K, used 0K [0x0000000780800000, 0x00000007b5200000, 0x00000007c0000000)
  eden space 781312K, 0% used [0x0000000780800000,0x0000000780800000,0x00000007b0300000)
  from space 30208K, 0% used [0x00000007b2400000,0x00000007b2400000,0x00000007b4180000)
  to   space 33792K, 0% used [0x00000007b0300000,0x00000007b0300000,0x00000007b2400000)
 ParOldGen       total 214528K, used 109231K [0x0000000701800000, 0x000000070e980000, 0x0000000780800000)
  object space 214528K, 50% used [0x0000000701800000,0x00000007082abc08,0x000000070e980000)
 Metaspace       used 47604K, capacity 48364K, committed 48600K, reserved 1091584K
  class space    used 6206K, capacity 6390K, committed 6400K, reserved 1048576K
}
Event: 63.520 GC heap before
{Heap before GC invocations=20 (full 3):
 PSYoungGen      total 811520K, used 781312K [0x0000000780800000, 0x00000007b5200000, 0x00000007c0000000)
  eden space 781312K, 100% used [0x0000000780800000,0x00000007b0300000,0x00000007b0300000)
  from space 30208K, 0% used [0x00000007b2400000,0x00000007b2400000,0x00000007b4180000)
  to   space 33792K, 0% used [0x00000007b0300000,0x00000007b0300000,0x00000007b2400000)
 ParOldGen       total 214528K, used 109443K [0x0000000701800000, 0x000000070e980000, 0x0000000780800000)
  object space 214528K, 51% used [0x0000000701800000,0x00000007082e0cd8,0x000000070e980000)
 Metaspace       used 47604K, capacity 48364K, committed 48600K, reserved 1091584K
  class space    used 6206K, capacity 6390K, committed 6400K, reserved 1048576K
Event: 63.544 GC heap after
Heap after GC invocations=20 (full 3):
 PSYoungGen      total 815104K, used 32232K [0x0000000780800000, 0x00000007c0000000, 0x00000007c0000000)
  eden space 781312K, 0% used [0x0000000780800000,0x0000000780800000,0x00000007b0300000)
  from space 33792K, 95% used [0x00000007b0300000,0x00000007b227a1a8,0x00000007b2400000)
  to   space 37888K, 0% used [0x00000007bdb00000,0x00000007bdb00000,0x00000007c0000000)
 ParOldGen       total 214528K, used 140724K [0x0000000701800000, 0x000000070e980000, 0x0000000780800000)
  object space 214528K, 65% used [0x0000000701800000,0x000000070a16d338,0x000000070e980000)
 Metaspace       used 47604K, capacity 48364K, committed 48600K, reserved 1091584K
  class space    used 6206K, capacity 6390K, committed 6400K, reserved 1048576K
}

Deoptimization events (0 events):
No events

Classes redefined (0 events):
No events

Internal exceptions (10 events):
Event: 42.395 Thread 0x000000001da2e000 Exception <a 'java/lang/ArrayIndexOutOfBoundsException'> (0x0000000786989b48) thrown at [C:\re\workspace\8-2-build-windows-amd64-cygwin\jdk8u211\12973\hotspot\src\share\vm\runtime\sharedRuntime.cpp, line 605]
Event: 42.395 Thread 0x000000001da2e000 Exception <a 'java/lang/ArrayIndexOutOfBoundsException'> (0x000000078698b6d0) thrown at [C:\re\workspace\8-2-build-windows-amd64-cygwin\jdk8u211\12973\hotspot\src\share\vm\runtime\sharedRuntime.cpp, line 605]
Event: 42.395 Thread 0x000000001da2e000 Exception <a 'java/lang/ArrayIndexOutOfBoundsException'> (0x000000078698ce70) thrown at [C:\re\workspace\8-2-build-windows-amd64-cygwin\jdk8u211\12973\hotspot\src\share\vm\runtime\sharedRuntime.cpp, line 605]
Event: 42.396 Thread 0x000000001da2e000 Exception <a 'java/lang/ArrayIndexOutOfBoundsException'> (0x00000007869997b8) thrown at [C:\re\workspace\8-2-build-windows-amd64-cygwin\jdk8u211\12973\hotspot\src\share\vm\runtime\sharedRuntime.cpp, line 605]
Event: 42.396 Thread 0x000000001da2e000 Exception <a 'java/lang/ArrayIndexOutOfBoundsException'> (0x000000078699d018) thrown at [C:\re\workspace\8-2-build-windows-amd64-cygwin\jdk8u211\12973\hotspot\src\share\vm\runtime\sharedRuntime.cpp, line 605]
Event: 42.396 Thread 0x000000001da2e000 Exception <a 'java/lang/ArrayIndexOutOfBoundsException'> (0x000000078699e270) thrown at [C:\re\workspace\8-2-build-windows-amd64-cygwin\jdk8u211\12973\hotspot\src\share\vm\runtime\sharedRuntime.cpp, line 605]
Event: 42.397 Thread 0x000000001da2e000 Exception <a 'java/lang/ArrayIndexOutOfBoundsException'> (0x00000007869a9730) thrown at [C:\re\workspace\8-2-build-windows-amd64-cygwin\jdk8u211\12973\hotspot\src\share\vm\runtime\sharedRuntime.cpp, line 605]
Event: 42.397 Thread 0x000000001da2e000 Exception <a 'java/lang/ArrayIndexOutOfBoundsException'> (0x00000007869aceb0) thrown at [C:\re\workspace\8-2-build-windows-amd64-cygwin\jdk8u211\12973\hotspot\src\share\vm\runtime\sharedRuntime.cpp, line 605]
Event: 42.544 Thread 0x000000001da23000 Exception <a 'java/lang/ArrayIndexOutOfBoundsException'> (0x000000078546a0a8) thrown at [C:\re\workspace\8-2-build-windows-amd64-cygwin\jdk8u211\12973\hotspot\src\share\vm\runtime\sharedRuntime.cpp, line 605]
Event: 47.760 Thread 0x000000001da29800 Exception <a 'java/io/FileNotFoundException'> (0x0000000786c12cb8) thrown at [C:\re\workspace\8-2-build-windows-amd64-cygwin\jdk8u211\12973\hotspot\src\share\vm\prims\jni.cpp, line 710]

Events (10 events):
Event: 63.576 Executing VM operation: RevokeBias
Event: 63.576 Executing VM operation: RevokeBias done
Event: 63.576 Executing VM operation: BulkRevokeBias
Event: 63.577 Executing VM operation: BulkRevokeBias done
Event: 63.577 Executing VM operation: RevokeBias
Event: 63.577 Executing VM operation: RevokeBias done
Event: 63.577 Executing VM operation: RevokeBias
Event: 63.577 Executing VM operation: RevokeBias done
Event: 63.577 Executing VM operation: BulkRevokeBias
Event: 63.577 Executing VM operation: BulkRevokeBias done


Dynamic libraries:
0x00007ff6d0b20000 - 0x00007ff6d0b57000 	C:\Program Files\Java\jdk1.8.0_211\bin\java.exe
0x00007ff9ed630000 - 0x00007ff9ed81d000 	C:\WINDOWS\SYSTEM32\ntdll.dll
0x00007ff9eae30000 - 0x00007ff9eaee3000 	C:\WINDOWS\System32\KERNEL32.DLL
0x00007ff9ea2d0000 - 0x00007ff9ea563000 	C:\WINDOWS\System32\KERNELBASE.dll
0x00007ff9eb300000 - 0x00007ff9eb3a3000 	C:\WINDOWS\System32\ADVAPI32.dll
0x00007ff9ebca0000 - 0x00007ff9ebd3e000 	C:\WINDOWS\System32\msvcrt.dll
0x00007ff9eb3b0000 - 0x00007ff9eb44e000 	C:\WINDOWS\System32\sechost.dll
0x00007ff9ebd50000 - 0x00007ff9ebe72000 	C:\WINDOWS\System32\RPCRT4.dll
0x00007ff9eba90000 - 0x00007ff9ebc27000 	C:\WINDOWS\System32\USER32.dll
0x00007ff9ea570000 - 0x00007ff9ea590000 	C:\WINDOWS\System32\win32u.dll
0x00007ff9ebe80000 - 0x00007ff9ebea9000 	C:\WINDOWS\System32\GDI32.dll
0x00007ff9e97d0000 - 0x00007ff9e9969000 	C:\WINDOWS\System32\gdi32full.dll
0x00007ff9e9970000 - 0x00007ff9e9a10000 	C:\WINDOWS\System32\msvcp_win.dll
0x00007ff9e9a10000 - 0x00007ff9e9b0a000 	C:\WINDOWS\System32\ucrtbase.dll
0x00007ff9dcb70000 - 0x00007ff9dcde9000 	C:\WINDOWS\WinSxS\amd64_microsoft.windows.common-controls_6595b64144ccf1df_6.0.17763.864_none_05b3441807210760\COMCTL32.dll
0x00007ff9eb4c0000 - 0x00007ff9eb7ec000 	C:\WINDOWS\System32\combase.dll
0x00007ff9ea6d0000 - 0x00007ff9ea74e000 	C:\WINDOWS\System32\bcryptPrimitives.dll
0x00007ff9eb950000 - 0x00007ff9eb97e000 	C:\WINDOWS\System32\IMM32.DLL
0x0000000067ff0000 - 0x00000000680c2000 	C:\Program Files\Java\jdk1.8.0_211\jre\bin\msvcr100.dll
0x0000000067740000 - 0x0000000067fe5000 	C:\Program Files\Java\jdk1.8.0_211\jre\bin\server\jvm.dll
0x00007ff9eb450000 - 0x00007ff9eb458000 	C:\WINDOWS\System32\PSAPI.DLL
0x00007ff9d9ee0000 - 0x00007ff9d9ee9000 	C:\WINDOWS\SYSTEM32\WSOCK32.dll
0x00007ff9ebc30000 - 0x00007ff9ebc9d000 	C:\WINDOWS\System32\WS2_32.dll
0x00007ff9dec00000 - 0x00007ff9dec24000 	C:\WINDOWS\SYSTEM32\WINMM.dll
0x00007ff9e2120000 - 0x00007ff9e212a000 	C:\WINDOWS\SYSTEM32\VERSION.dll
0x00007ff9de9c0000 - 0x00007ff9de9ed000 	C:\WINDOWS\SYSTEM32\WINMMBASE.dll
0x00007ff9e9b10000 - 0x00007ff9e9b5a000 	C:\WINDOWS\System32\cfgmgr32.dll
0x00007ff9e3810000 - 0x00007ff9e381f000 	C:\Program Files\Java\jdk1.8.0_211\jre\bin\verify.dll
0x00007ff9e37e0000 - 0x00007ff9e3809000 	C:\Program Files\Java\jdk1.8.0_211\jre\bin\java.dll
0x00007ff9cac10000 - 0x00007ff9cac33000 	C:\Program Files\Java\jdk1.8.0_211\jre\bin\instrument.dll
0x00007ff9e37c0000 - 0x00007ff9e37d6000 	C:\Program Files\Java\jdk1.8.0_211\jre\bin\zip.dll
0x00007ff9ebec0000 - 0x00007ff9ed3b4000 	C:\WINDOWS\System32\SHELL32.dll
0x00007ff9ed4f0000 - 0x00007ff9ed598000 	C:\WINDOWS\System32\shcore.dll
0x00007ff9e9b60000 - 0x00007ff9ea2ad000 	C:\WINDOWS\System32\windows.storage.dll
0x00007ff9e9760000 - 0x00007ff9e9784000 	C:\WINDOWS\System32\profapi.dll
0x00007ff9e9700000 - 0x00007ff9e975d000 	C:\WINDOWS\System32\powrprof.dll
0x00007ff9ed5a0000 - 0x00007ff9ed5f2000 	C:\WINDOWS\System32\shlwapi.dll
0x00007ff9e9790000 - 0x00007ff9e97a1000 	C:\WINDOWS\System32\kernel.appcore.dll
0x00007ff9ea2b0000 - 0x00007ff9ea2c7000 	C:\WINDOWS\System32\cryptsp.dll
0x00007ff9cabf0000 - 0x00007ff9cac0a000 	D:\IntelliJ IDEA 2018.3.3\bin\breakgen64.dll
0x00007ff9e2dc0000 - 0x00007ff9e2dda000 	C:\Program Files\Java\jdk1.8.0_211\jre\bin\net.dll
0x00007ff9dc320000 - 0x00007ff9dc4f7000 	C:\WINDOWS\SYSTEM32\urlmon.dll
0x00007ff9d6bb0000 - 0x00007ff9d6e58000 	C:\WINDOWS\SYSTEM32\iertutil.dll
0x00007ff9e9140000 - 0x00007ff9e914c000 	C:\WINDOWS\SYSTEM32\CRYPTBASE.DLL
0x00007ff9e8f70000 - 0x00007ff9e8fd7000 	C:\WINDOWS\system32\mswsock.dll
0x00007ff9e32c0000 - 0x00007ff9e32cd000 	C:\Program Files\Java\jdk1.8.0_211\jre\bin\management.dll
0x00007ff9de700000 - 0x00007ff9de712000 	C:\Program Files\Java\jdk1.8.0_211\jre\bin\nio.dll
0x00007ff9d8f60000 - 0x00007ff9d8f76000 	C:\WINDOWS\system32\napinsp.dll
0x00007ff9d1b60000 - 0x00007ff9d1b7a000 	C:\WINDOWS\system32\pnrpnsp.dll
0x00007ff9e8cd0000 - 0x00007ff9e8d96000 	C:\WINDOWS\SYSTEM32\DNSAPI.dll
0x00007ff9ebeb0000 - 0x00007ff9ebeb8000 	C:\WINDOWS\System32\NSI.dll
0x00007ff9e8c90000 - 0x00007ff9e8ccd000 	C:\WINDOWS\SYSTEM32\IPHLPAPI.DLL
0x00007ff9d8f50000 - 0x00007ff9d8f5e000 	C:\WINDOWS\System32\winrnr.dll
0x00007ff9e4870000 - 0x00007ff9e488b000 	C:\WINDOWS\system32\NLAapi.dll
0x00007ff9e2bf0000 - 0x00007ff9e2c05000 	C:\WINDOWS\system32\wshbth.dll
0x00007ff9e0630000 - 0x00007ff9e063a000 	C:\Windows\System32\rasadhlp.dll
0x00007ff9e21b0000 - 0x00007ff9e2229000 	C:\WINDOWS\System32\fwpuclnt.dll
0x00007ff9ea6a0000 - 0x00007ff9ea6c6000 	C:\WINDOWS\System32\bcrypt.dll
0x00007ff9e8af0000 - 0x00007ff9e8b23000 	C:\WINDOWS\system32\rsaenh.dll
0x00007ff9e9630000 - 0x00007ff9e9658000 	C:\WINDOWS\SYSTEM32\USERENV.dll
0x00007ff9e2bb0000 - 0x00007ff9e2bc6000 	C:\WINDOWS\SYSTEM32\dhcpcsvc6.DLL
0x00007ff9e2b90000 - 0x00007ff9e2bac000 	C:\WINDOWS\SYSTEM32\dhcpcsvc.DLL
0x00007ff9ded60000 - 0x00007ff9ded6a000 	E:\SSH\libarcsoft_face_engine_jni.dll
0x00007ff9beb40000 - 0x00007ff9bec2f000 	C:\WINDOWS\SYSTEM32\MSVCR120.dll
0x00007ff9ca4f0000 - 0x00007ff9ca596000 	C:\WINDOWS\SYSTEM32\MSVCP120.dll
0x00007ff9cab50000 - 0x00007ff9cabb6000 	E:\SSH\libarcsoft_face_engine.dll
0x00007ff9eb980000 - 0x00007ff9eb9e0000 	C:\WINDOWS\System32\WLDAP32.dll
0x00007ff98e030000 - 0x00007ff990d5f000 	E:\SSH\libarcsoft_face.dll
0x00007ff9b2f00000 - 0x00007ff9b3099000 	C:\Program Files\Java\jdk1.8.0_211\jre\bin\awt.dll
0x00007ff9eb0c0000 - 0x00007ff9eb184000 	C:\WINDOWS\System32\OLEAUT32.dll
0x00007ff9e6cf0000 - 0x00007ff9e6d7c000 	C:\WINDOWS\SYSTEM32\apphelp.dll
0x00007ff9ca600000 - 0x00007ff9ca631000 	C:\Program Files\Java\jdk1.8.0_211\jre\bin\jpeg.dll
0x00007ff9e80f0000 - 0x00007ff9e82dd000 	C:\WINDOWS\SYSTEM32\dbghelp.dll

VM Arguments:
jvm_args: -XX:TieredStopAtLevel=1 -Xverify:none -Dspring.output.ansi.enabled=always -Dcom.sun.management.jmxremote -Dcom.sun.management.jmxremote.port=63890 -Dcom.sun.management.jmxremote.authenticate=false -Dcom.sun.management.jmxremote.ssl=false -Djava.rmi.server.hostname=localhost -Dspring.liveBeansView.mbeanDomain -Dspring.application.admin.enabled=true -javaagent:D:\IntelliJ IDEA 2018.3.3\lib\idea_rt.jar=63891:D:\IntelliJ IDEA 2018.3.3\bin -Dfile.encoding=UTF-8 
java_command: top.jglo.hotel.HotelFuFuApplication
java_class_path (initial): C:\Program Files\Java\jdk1.8.0_211\jre\lib\charsets.jar;C:\Program Files\Java\jdk1.8.0_211\jre\lib\deploy.jar;C:\Program Files\Java\jdk1.8.0_211\jre\lib\ext\access-bridge-64.jar;C:\Program Files\Java\jdk1.8.0_211\jre\lib\ext\cldrdata.jar;C:\Program Files\Java\jdk1.8.0_211\jre\lib\ext\dnsns.jar;C:\Program Files\Java\jdk1.8.0_211\jre\lib\ext\jaccess.jar;C:\Program Files\Java\jdk1.8.0_211\jre\lib\ext\jfxrt.jar;C:\Program Files\Java\jdk1.8.0_211\jre\lib\ext\localedata.jar;C:\Program Files\Java\jdk1.8.0_211\jre\lib\ext\nashorn.jar;C:\Program Files\Java\jdk1.8.0_211\jre\lib\ext\sunec.jar;C:\Program Files\Java\jdk1.8.0_211\jre\lib\ext\sunjce_provider.jar;C:\Program Files\Java\jdk1.8.0_211\jre\lib\ext\sunmscapi.jar;C:\Program Files\Java\jdk1.8.0_211\jre\lib\ext\sunpkcs11.jar;C:\Program Files\Java\jdk1.8.0_211\jre\lib\ext\zipfs.jar;C:\Program Files\Java\jdk1.8.0_211\jre\lib\javaws.jar;C:\Program Files\Java\jdk1.8.0_211\jre\lib\jce.jar;C:\Program Files\Java\jdk1.8.0_211\jre\lib\jfr.jar;C:\Program Files\Java\jdk1.8.0_211\jre\lib\jfxswt.jar;C:\Program Files\Java\jdk1.8.0_211\jre\lib\jsse.jar;C:\Program Files\Java\jdk1.8.0_211\jre\lib\management-agent.jar;C:\Program Files\Java\jdk1.8.0_211\jre\lib\plugin.jar;C:\Program Files\Java\jdk1.8.0_211\jre\lib\resources.jar;C:\Program Files\Java\jdk1.8.0_211\jre\lib\rt.jar;E:\HotelFuFu\HotelFuFu1.0\target\classes;E:\HotelFuFu\虹软实例\libs\arcsoft-sdk-face-2.0.0.0.jar;D:\Maven\repository\org\springframework\boot\spring-boot-devtools\1.5.2.RELEASE\spring-boot-devtools-1.5.2.RELEASE.jar;D:\Maven\repository\org\springframework\boot\spring-boot\1.5.2.RELEASE\spring-boot-1.5.2.RELEASE.jar;D:\Maven\repository\org\springframework\boot\spring-boot-autoconfigure\1.5.2.RELEASE\spring-boot-autoconfigure-1.5.2.RELEASE.jar;D:\Maven\repository\org\springframework\boot\spring-boot-starter-data-jpa\1.5.2.RELEASE\spring-boot-starter-data-jpa-1.5.2.RELEASE.jar;D:\Maven\repository\org\springframework\boot\spring-boot-starter\1.5
Launcher Type: SUN_STANDARD

Environment Variables:
JAVA_HOME=C:\Program Files\Java\jdk-12.0.1
CLASSPATH= .;C:\Program Files\Java\jdk-12.0.1\lib;C:\Program Files\Java\jdk-12.0.1\lib\tools.jar
PATH=C:\Program Files (x86)\Common Files\Oracle\Java\javapath;C:\Program Files\Intel\iCLS Client\;C:\Windows\system32;C:\Windows;C:\Windows\System32\Wbem;C:\Windows\System32\WindowsPowerShell\v1.0\;C:\Program Files (x86)\NVIDIA Corporation\PhysX\Common;C:\Program Files (x86)\Intel\Intel(R) Management Engine Components\DAL;C:\Program Files\Intel\Intel(R) Management Engine Components\DAL;C:\WINDOWS\system32;C:\WINDOWS;C:\WINDOWS\System32\Wbem;C:\WINDOWS\System32\WindowsPowerShell\v1.0\;C:\WINDOWS\System32\OpenSSH\;C:\Program Files\Java\jdk-12.0.1\bin;D:\Git\cmd;C:\ProgramData\Microsoft\Windows\Start Menu\Programs\MySQL\MySQL Server 8.0;C:\Program Files\MySQL\MySQL Server 8.0\bin;D:\node.js\;D:\Maven\apache-maven-3.6.1\bin;D:\yarn\bin\;C:\Program Files\dotnet\;C:\Program Files\Intel\WiFi\bin\;C:\Program Files\Common Files\Intel\WirelessCommon\;D:\PowerISO\common;C:\Users\zjc\AppData\Local\Microsoft\WindowsApps;C:\Program Files\Intel\WiFi\bin\;C:\Program Files\Common Files\Intel\WirelessCommon\;C:\Users\zjc\AppData\Roaming\npm;C:\Users\zjc\AppData\Local\Yarn\bin;C:\Users\zjc\AppData\Local\GitHubDesktop\bin;E:\SSH
USERNAME=zjc
OS=Windows_NT
PROCESSOR_IDENTIFIER=Intel64 Family 6 Model 142 Stepping 9, GenuineIntel



---------------  S Y S T E M  ---------------

OS: Windows 10.0 , 64 bit Build 17763 (10.0.17763.475)

CPU:total 4 (initial active 4) (2 cores per cpu, 2 threads per core) family 6 model 142 stepping 9, cmov, cx8, fxsr, mmx, sse, sse2, sse3, ssse3, sse4.1, sse4.2, popcnt, avx, avx2, aes, clmul, erms, 3dnowpref, lzcnt, ht, tsc, tscinvbit, bmi1, bmi2, adx

Memory: 4k page, physical 12478944k(1008136k free), swap 18630784k(2834748k free)

vm_info: Java HotSpot(TM) 64-Bit Server VM (25.211-b12) for windows-amd64 JRE (1.8.0_211-b12), built on Apr  1 2019 20:53:26 by "java_re" with MS VC++ 10.0 (VS2010)

time: Tue Nov 26 16:54:35 2019
timezone: 中国标准时间
elapsed time: 64 seconds (0d 0h 1m 4s)

