#
# A fatal error has been detected by the Java Runtime Environment:
#
#  EXCEPTION_ACCESS_VIOLATION (0xc0000005) at pc=0x00007ff98e0e3e55, pid=323924, tid=0x000000000004f3c4
#
# JRE version: Java(TM) SE Runtime Environment (8.0_211-b12) (build 1.8.0_211-b12)
# Java VM: Java HotSpot(TM) 64-Bit Server VM (25.211-b12 mixed mode windows-amd64 compressed oops)
# Problematic frame:
# C  [libarcsoft_face.dll+0xb3e55]
#
# Failed to write core dump. Minidumps are not enabled by default on client versions of Windows
#
# If you would like to submit a bug report, please visit:
#   http://bugreport.java.com/bugreport/crash.jsp
# The crash happened outside the Java Virtual Machine in native code.
# See problematic frame for where to report the bug.
#

---------------  T H R E A D  ---------------

Current thread (0x000000001e0ce800):  JavaThread "http-nio-8073-exec-2" daemon [_thread_in_native, id=324548, stack(0x0000000030d40000,0x0000000030e40000)]

siginfo: ExceptionCode=0xc0000005, reading address 0x0000000000000000

Registers:
RAX=0x0000000030e3c7c0, RBX=0x0000000020615040, RCX=0x0000000030e3c7d8, RDX=0x0000000000000002
RSP=0x0000000030e3c778, RBP=0x0000000030e3c7e9, RSI=0x0000000000000000, RDI=0x0000000020617050
R8 =0x0000000000000534, R9 =0x00000000000003e8, R10=0x0000000000000000, R11=0x00000000206191a0
R12=0x0000000020615040, R13=0x0000000000000001, R14=0x0000000020617050, R15=0x0000000020617340
RIP=0x00007ff98e0e3e55, EFLAGS=0x0000000000010246

Top of Stack: (sp=0x0000000030e3c778)
0x0000000030e3c778:   00007ff98e0e46cc 0000000020617340
0x0000000030e3c788:   00000000211a19b8 0000000000000001
0x0000000030e3c798:   00007ff98e0e7a3c 0000000000000000
0x0000000030e3c7a8:   0000000030e3c7c0 0000000000000000
0x0000000030e3c7b8:   000000002116db68 3cf886103e123658
0x0000000030e3c7c8:   3b8313a0bde6581d 000000002116b7d0
0x0000000030e3c7d8:   0000000000000270 000000000000000d
0x0000000030e3c7e8:   00007ff98e0eadb7 0000000000000000
0x0000000030e3c7f8:   0000000000000000 0000000000000000
0x0000000030e3c808:   000089b814642fdf 0000000000000005
0x0000000030e3c818:   00000000206191a0 000000002103e8b8
0x0000000030e3c828:   00007ff98e0e5a6e 0000000020617340
0x0000000030e3c838:   0000000030e3cb70 000000002103e8b8
0x0000000030e3c848:   0000000030e3cb70 0000000000000002
0x0000000030e3c858:   0000000000000534 00000000000003e8
0x0000000030e3c868:   0000000000000000 00000000206191bc 

Instructions: (pc=0x00007ff98e0e3e55)
0x00007ff98e0e3e35:   38 48 8b 5c 24 40 48 8b 6c 24 48 48 83 c4 20 5e
0x00007ff98e0e3e45:   c3 cc cc cc cc cc cc cc cc cc cc 4c 8b 54 24 28
0x00007ff98e0e3e55:   41 0f 10 02 0f 11 01 f2 41 0f 10 4a 10 f2 0f 11
0x00007ff98e0e3e65:   49 10 83 fa 02 75 12 8b 41 08 f3 0f 10 41 04 89 


Register to memory mapping:

RAX=0x0000000030e3c7c0 is pointing into the stack for thread: 0x000000001e0ce800
RBX=0x0000000020615040 is an unknown value
RCX=0x0000000030e3c7d8 is pointing into the stack for thread: 0x000000001e0ce800
RDX=0x0000000000000002 is an unknown value
RSP=0x0000000030e3c778 is pointing into the stack for thread: 0x000000001e0ce800
RBP=0x0000000030e3c7e9 is pointing into the stack for thread: 0x000000001e0ce800
RSI=0x0000000000000000 is an unknown value
RDI=0x0000000020617050 is an unknown value
R8 =0x0000000000000534 is an unknown value
R9 =0x00000000000003e8 is an unknown value
R10=0x0000000000000000 is an unknown value
R11=0x00000000206191a0 is an unknown value
R12=0x0000000020615040 is an unknown value
R13=0x0000000000000001 is an unknown value
R14=0x0000000020617050 is an unknown value
R15=0x0000000020617340 is an unknown value


Stack: [0x0000000030d40000,0x0000000030e40000],  sp=0x0000000030e3c778,  free space=1009k
Native frames: (J=compiled Java code, j=interpreted, Vv=VM code, C=native code)
C  [libarcsoft_face.dll+0xb3e55]

Java frames: (J=compiled Java code, j=interpreted, Vv=VM code)
j  com.arcsoft.face.FaceEngine.detectFaces(J[BIII[Lcom/arcsoft/face/FaceInfo;Lcom/arcsoft/face/FaceEngine;)I+0
j  com.arcsoft.face.FaceEngine.detectFaces([BIILcom/arcsoft/face/enums/ImageFormat;Ljava/util/List;)I+171
j  top.jglo.hotel.controller.Test.addWorker()I+171
v  ~StubRoutines::call_stub
J 1543  sun.reflect.NativeMethodAccessorImpl.invoke0(Ljava/lang/reflect/Method;Ljava/lang/Object;[Ljava/lang/Object;)Ljava/lang/Object; (0 bytes) @ 0x00000000032e11bf [0x00000000032e1140+0x7f]
J 1542 C1 sun.reflect.NativeMethodAccessorImpl.invoke(Ljava/lang/Object;[Ljava/lang/Object;)Ljava/lang/Object; (104 bytes) @ 0x00000000032e1d24 [0x00000000032e1960+0x3c4]
J 1357 C1 sun.reflect.DelegatingMethodAccessorImpl.invoke(Ljava/lang/Object;[Ljava/lang/Object;)Ljava/lang/Object; (10 bytes) @ 0x0000000003270ea4 [0x0000000003270e60+0x44]
J 1356 C1 java.lang.reflect.Method.invoke(Ljava/lang/Object;[Ljava/lang/Object;)Ljava/lang/Object; (62 bytes) @ 0x000000000326fee4 [0x000000000326fde0+0x104]
j  org.springframework.web.method.support.InvocableHandlerMethod.doInvoke([Ljava/lang/Object;)Ljava/lang/Object;+16
j  org.springframework.web.method.support.InvocableHandlerMethod.invokeForRequest(Lorg/springframework/web/context/request/NativeWebRequest;Lorg/springframework/web/method/support/ModelAndViewContainer;[Ljava/lang/Object;)Ljava/lang/Object;+75
j  org.springframework.web.servlet.mvc.method.annotation.ServletInvocableHandlerMethod.invokeAndHandle(Lorg/springframework/web/context/request/ServletWebRequest;Lorg/springframework/web/method/support/ModelAndViewContainer;[Ljava/lang/Object;)V+4
j  org.springframework.web.servlet.mvc.method.annotation.RequestMappingHandlerAdapter.invokeHandlerMethod(Ljavax/servlet/http/HttpServletRequest;Ljavax/servlet/http/HttpServletResponse;Lorg/springframework/web/method/HandlerMethod;)Lorg/springframework/web/servlet/ModelAndView;+262
j  org.springframework.web.servlet.mvc.method.annotation.RequestMappingHandlerAdapter.handleInternal(Ljavax/servlet/http/HttpServletRequest;Ljavax/servlet/http/HttpServletResponse;Lorg/springframework/web/method/HandlerMethod;)Lorg/springframework/web/servlet/ModelAndView;+81
j  org.springframework.web.servlet.mvc.method.AbstractHandlerMethodAdapter.handle(Ljavax/servlet/http/HttpServletRequest;Ljavax/servlet/http/HttpServletResponse;Ljava/lang/Object;)Lorg/springframework/web/servlet/ModelAndView;+7
j  org.springframework.web.servlet.DispatcherServlet.doDispatch(Ljavax/servlet/http/HttpServletRequest;Ljavax/servlet/http/HttpServletResponse;)V+318
j  org.springframework.web.servlet.DispatcherServlet.doService(Ljavax/servlet/http/HttpServletRequest;Ljavax/servlet/http/HttpServletResponse;)V+301
j  org.springframework.web.servlet.FrameworkServlet.processRequest(Ljavax/servlet/http/HttpServletRequest;Ljavax/servlet/http/HttpServletResponse;)V+71
j  org.springframework.web.servlet.FrameworkServlet.doPost(Ljavax/servlet/http/HttpServletRequest;Ljavax/servlet/http/HttpServletResponse;)V+3
j  javax.servlet.http.HttpServlet.service(Ljavax/servlet/http/HttpServletRequest;Ljavax/servlet/http/HttpServletResponse;)V+149
j  org.springframework.web.servlet.FrameworkServlet.service(Ljavax/servlet/http/HttpServletRequest;Ljavax/servlet/http/HttpServletResponse;)V+33
j  javax.servlet.http.HttpServlet.service(Ljavax/servlet/ServletRequest;Ljavax/servlet/ServletResponse;)V+30
j  org.apache.catalina.core.ApplicationFilterChain.internalDoFilter(Ljavax/servlet/ServletRequest;Ljavax/servlet/ServletResponse;)V+304
j  org.apache.catalina.core.ApplicationFilterChain.doFilter(Ljavax/servlet/ServletRequest;Ljavax/servlet/ServletResponse;)V+101
j  org.apache.tomcat.websocket.server.WsFilter.doFilter(Ljavax/servlet/ServletRequest;Ljavax/servlet/ServletResponse;Ljavax/servlet/FilterChain;)V+21
j  org.apache.catalina.core.ApplicationFilterChain.internalDoFilter(Ljavax/servlet/ServletRequest;Ljavax/servlet/ServletResponse;)V+135
j  org.apache.catalina.core.ApplicationFilterChain.doFilter(Ljavax/servlet/ServletRequest;Ljavax/servlet/ServletResponse;)V+101
j  org.springframework.web.filter.RequestContextFilter.doFilterInternal(Ljavax/servlet/http/HttpServletRequest;Ljavax/servlet/http/HttpServletResponse;Ljavax/servlet/FilterChain;)V+21
j  org.springframework.web.filter.OncePerRequestFilter.doFilter(Ljavax/servlet/ServletRequest;Ljavax/servlet/ServletResponse;Ljavax/servlet/FilterChain;)V+111
j  org.apache.catalina.core.ApplicationFilterChain.internalDoFilter(Ljavax/servlet/ServletRequest;Ljavax/servlet/ServletResponse;)V+135
j  org.apache.catalina.core.ApplicationFilterChain.doFilter(Ljavax/servlet/ServletRequest;Ljavax/servlet/ServletResponse;)V+101
j  org.springframework.web.filter.HttpPutFormContentFilter.doFilterInternal(Ljavax/servlet/http/HttpServletRequest;Ljavax/servlet/http/HttpServletResponse;Ljavax/servlet/FilterChain;)V+87
j  org.springframework.web.filter.OncePerRequestFilter.doFilter(Ljavax/servlet/ServletRequest;Ljavax/servlet/ServletResponse;Ljavax/servlet/FilterChain;)V+111
j  org.apache.catalina.core.ApplicationFilterChain.internalDoFilter(Ljavax/servlet/ServletRequest;Ljavax/servlet/ServletResponse;)V+135
j  org.apache.catalina.core.ApplicationFilterChain.doFilter(Ljavax/servlet/ServletRequest;Ljavax/servlet/ServletResponse;)V+101
j  org.springframework.web.filter.HiddenHttpMethodFilter.doFilterInternal(Ljavax/servlet/http/HttpServletRequest;Ljavax/servlet/http/HttpServletResponse;Ljavax/servlet/FilterChain;)V+64
j  org.springframework.web.filter.OncePerRequestFilter.doFilter(Ljavax/servlet/ServletRequest;Ljavax/servlet/ServletResponse;Ljavax/servlet/FilterChain;)V+111
j  org.apache.catalina.core.ApplicationFilterChain.internalDoFilter(Ljavax/servlet/ServletRequest;Ljavax/servlet/ServletResponse;)V+135
j  org.apache.catalina.core.ApplicationFilterChain.doFilter(Ljavax/servlet/ServletRequest;Ljavax/servlet/ServletResponse;)V+101
j  org.springframework.web.filter.CharacterEncodingFilter.doFilterInternal(Ljavax/servlet/http/HttpServletRequest;Ljavax/servlet/http/HttpServletResponse;Ljavax/servlet/FilterChain;)V+53
j  org.springframework.web.filter.OncePerRequestFilter.doFilter(Ljavax/servlet/ServletRequest;Ljavax/servlet/ServletResponse;Ljavax/servlet/FilterChain;)V+111
j  org.apache.catalina.core.ApplicationFilterChain.internalDoFilter(Ljavax/servlet/ServletRequest;Ljavax/servlet/ServletResponse;)V+135
j  org.apache.catalina.core.ApplicationFilterChain.doFilter(Ljavax/servlet/ServletRequest;Ljavax/servlet/ServletResponse;)V+101
j  org.apache.catalina.core.StandardWrapperValve.invoke(Lorg/apache/catalina/connector/Request;Lorg/apache/catalina/connector/Response;)V+688
j  org.apache.catalina.core.StandardContextValve.invoke(Lorg/apache/catalina/connector/Request;Lorg/apache/catalina/connector/Response;)V+166
j  org.apache.catalina.authenticator.AuthenticatorBase.invoke(Lorg/apache/catalina/connector/Request;Lorg/apache/catalina/connector/Response;)V+275
j  org.apache.catalina.core.StandardHostValve.invoke(Lorg/apache/catalina/connector/Request;Lorg/apache/catalina/connector/Response;)V+135
j  org.apache.catalina.valves.ErrorReportValve.invoke(Lorg/apache/catalina/connector/Request;Lorg/apache/catalina/connector/Response;)V+6
j  org.apache.catalina.core.StandardEngineValve.invoke(Lorg/apache/catalina/connector/Request;Lorg/apache/catalina/connector/Response;)V+71
j  org.apache.catalina.connector.CoyoteAdapter.service(Lorg/apache/coyote/Request;Lorg/apache/coyote/Response;)V+199
j  org.apache.coyote.http11.Http11Processor.service(Lorg/apache/tomcat/util/net/SocketWrapperBase;)Lorg/apache/tomcat/util/net/AbstractEndpoint$Handler$SocketState;+790
j  org.apache.coyote.AbstractProcessorLight.process(Lorg/apache/tomcat/util/net/SocketWrapperBase;Lorg/apache/tomcat/util/net/SocketEvent;)Lorg/apache/tomcat/util/net/AbstractEndpoint$Handler$SocketState;+106
j  org.apache.coyote.AbstractProtocol$ConnectionHandler.process(Lorg/apache/tomcat/util/net/SocketWrapperBase;Lorg/apache/tomcat/util/net/SocketEvent;)Lorg/apache/tomcat/util/net/AbstractEndpoint$Handler$SocketState;+378
j  org.apache.tomcat.util.net.NioEndpoint$SocketProcessor.doRun()V+191
j  org.apache.tomcat.util.net.SocketProcessorBase.run()V+21
j  java.util.concurrent.ThreadPoolExecutor.runWorker(Ljava/util/concurrent/ThreadPoolExecutor$Worker;)V+95
j  java.util.concurrent.ThreadPoolExecutor$Worker.run()V+5
j  org.apache.tomcat.util.threads.TaskThread$WrappingRunnable.run()V+4
j  java.lang.Thread.run()V+11
v  ~StubRoutines::call_stub

---------------  P R O C E S S  ---------------

Java Threads: ( => current thread )
  0x000000001d848000 JavaThread "Java2D Disposer" daemon [_thread_blocked, id=321192, stack(0x0000000031a40000,0x0000000031b40000)]
  0x000000001d84a800 JavaThread "http-nio-8073-exec-14" daemon [_thread_in_Java, id=314376, stack(0x0000000031940000,0x0000000031a40000)]
  0x000000001d84e000 JavaThread "http-nio-8073-exec-13" daemon [_thread_blocked, id=308488, stack(0x0000000031840000,0x0000000031940000)]
  0x000000001d3fa000 JavaThread "http-nio-8073-exec-12" daemon [_thread_blocked, id=312260, stack(0x0000000031740000,0x0000000031840000)]
  0x000000001d3fd000 JavaThread "http-nio-8073-exec-11" daemon [_thread_blocked, id=324896, stack(0x0000000031640000,0x0000000031740000)]
  0x000000001e0d3000 JavaThread "http-nio-8073-exec-10" daemon [_thread_blocked, id=250824, stack(0x0000000031540000,0x0000000031640000)]
  0x000000001e0d1000 JavaThread "http-nio-8073-exec-9" daemon [_thread_blocked, id=322364, stack(0x0000000031440000,0x0000000031540000)]
  0x000000001e0d1800 JavaThread "http-nio-8073-exec-8" daemon [_thread_blocked, id=241388, stack(0x0000000031340000,0x0000000031440000)]
  0x000000001e0d0000 JavaThread "http-nio-8073-exec-7" daemon [_thread_in_Java, id=210496, stack(0x0000000031240000,0x0000000031340000)]
  0x000000001e0d2800 JavaThread "http-nio-8073-exec-6" daemon [_thread_in_native, id=321776, stack(0x0000000031140000,0x0000000031240000)]
  0x000000001e0cf800 JavaThread "http-nio-8073-exec-5" daemon [_thread_in_native, id=324068, stack(0x0000000031040000,0x0000000031140000)]
  0x000000001e0c8000 JavaThread "http-nio-8073-exec-4" daemon [_thread_blocked, id=217176, stack(0x0000000030f40000,0x0000000031040000)]
  0x000000001e0cc800 JavaThread "http-nio-8073-exec-3" daemon [_thread_in_Java, id=322056, stack(0x0000000030e40000,0x0000000030f40000)]
=>0x000000001e0ce800 JavaThread "http-nio-8073-exec-2" daemon [_thread_in_native, id=324548, stack(0x0000000030d40000,0x0000000030e40000)]
  0x000000001e0c7000 JavaThread "http-nio-8073-exec-1" daemon [_thread_blocked, id=322828, stack(0x0000000030c40000,0x0000000030d40000)]
  0x000000001e0cb800 JavaThread "RMI TCP Connection(4)-127.0.0.1" daemon [_thread_in_native, id=322836, stack(0x0000000030840000,0x0000000030940000)]
  0x000000001e0cd000 JavaThread "DestroyJavaVM" [_thread_blocked, id=309948, stack(0x0000000002b60000,0x0000000002c60000)]
  0x000000001e0ce000 JavaThread "http-nio-8073-AsyncTimeout" daemon [_thread_blocked, id=311468, stack(0x0000000030440000,0x0000000030540000)]
  0x000000001e0c4000 JavaThread "http-nio-8073-Acceptor-0" daemon [_thread_in_native, id=324160, stack(0x0000000030340000,0x0000000030440000)]
  0x000000001e0cb000 JavaThread "http-nio-8073-ClientPoller-1" daemon [_thread_in_native, id=313548, stack(0x0000000030240000,0x0000000030340000)]
  0x000000001e0c6800 JavaThread "http-nio-8073-ClientPoller-0" daemon [_thread_in_native, id=315064, stack(0x0000000030140000,0x0000000030240000)]
  0x000000001e0ca000 JavaThread "NioBlockingSelector.BlockPoller-1" daemon [_thread_in_native, id=258344, stack(0x0000000030040000,0x0000000030140000)]
  0x000000001e0c9800 JavaThread "Live Reload Server" daemon [_thread_in_native, id=324816, stack(0x000000002fe40000,0x000000002ff40000)]
  0x000000001e0c5800 JavaThread "File Watcher" daemon [_thread_blocked, id=324932, stack(0x000000002fc40000,0x000000002fd40000)]
  0x000000001e0c8800 JavaThread "Abandoned connection cleanup thread" daemon [_thread_blocked, id=307096, stack(0x000000001fb10000,0x000000001fc10000)]
  0x000000001e0c5000 JavaThread "Tomcat JDBC Pool Cleaner[414493378:1574759971794]" daemon [_thread_blocked, id=311424, stack(0x000000001fa10000,0x000000001fb10000)]
  0x000000001d3fb800 JavaThread "container-0" [_thread_blocked, id=269024, stack(0x000000001f810000,0x000000001f910000)]
  0x000000001d3fb000 JavaThread "ContainerBackgroundProcessor[StandardEngine[Tomcat]]" daemon [_thread_blocked, id=249764, stack(0x000000001f710000,0x000000001f810000)]
  0x000000001d3fc800 JavaThread "RMI TCP Connection(5)-127.0.0.1" daemon [_thread_in_native, id=312576, stack(0x000000001ec10000,0x000000001ed10000)]
  0x000000001be1a800 JavaThread "RMI Scheduler(0)" daemon [_thread_blocked, id=318204, stack(0x000000001cf40000,0x000000001d040000)]
  0x000000001be1a000 JavaThread "RMI TCP Connection(idle)" daemon [_thread_blocked, id=315476, stack(0x000000001ce40000,0x000000001cf40000)]
  0x000000001be13800 JavaThread "RMI TCP Connection(1)-127.0.0.1" daemon [_thread_in_native, id=322904, stack(0x000000001cd40000,0x000000001ce40000)]
  0x000000001bd3c800 JavaThread "RMI TCP Accept-0" daemon [_thread_in_native, id=322532, stack(0x000000001cb40000,0x000000001cc40000)]
  0x000000001bd17800 JavaThread "RMI TCP Accept-64643" daemon [_thread_in_native, id=257740, stack(0x000000001ca40000,0x000000001cb40000)]
  0x000000001bcc5000 JavaThread "RMI TCP Accept-0" daemon [_thread_in_native, id=298044, stack(0x000000001c940000,0x000000001ca40000)]
  0x000000001b9d7000 JavaThread "Service Thread" daemon [_thread_blocked, id=322648, stack(0x000000001c540000,0x000000001c640000)]
  0x000000001b9d4800 JavaThread "C1 CompilerThread2" daemon [_thread_blocked, id=319116, stack(0x000000001c440000,0x000000001c540000)]
  0x000000001b6ae800 JavaThread "C2 CompilerThread1" daemon [_thread_blocked, id=321696, stack(0x000000001c340000,0x000000001c440000)]
  0x000000001b6ad000 JavaThread "C2 CompilerThread0" daemon [_thread_blocked, id=325092, stack(0x000000001c240000,0x000000001c340000)]
  0x000000001b960800 JavaThread "Monitor Ctrl-Break" daemon [_thread_in_native, id=324352, stack(0x000000001c140000,0x000000001c240000)]
  0x000000001b383800 JavaThread "Attach Listener" daemon [_thread_blocked, id=324888, stack(0x000000001b840000,0x000000001b940000)]
  0x0000000019ff4800 JavaThread "Signal Dispatcher" daemon [_thread_blocked, id=301016, stack(0x000000001b740000,0x000000001b840000)]
  0x0000000002d5a800 JavaThread "Finalizer" daemon [_thread_blocked, id=325124, stack(0x000000001b240000,0x000000001b340000)]
  0x0000000002d57000 JavaThread "Reference Handler" daemon [_thread_blocked, id=315760, stack(0x000000001b140000,0x000000001b240000)]

Other Threads:
  0x0000000019fa7800 VMThread [stack: 0x000000001b040000,0x000000001b140000] [id=316512]
  0x000000001bd1b800 WatcherThread [stack: 0x000000001cc40000,0x000000001cd40000] [id=314208]

VM state:not at safepoint (normal execution)

VM Mutex/Monitor currently owned by a thread: None

heap address: 0x0000000701800000, size: 3048 MB, Compressed Oops mode: Zero based, Oop shift amount: 3
Narrow klass base: 0x0000000000000000, Narrow klass shift: 3
Compressed class space size: 1073741824 Address: 0x00000007c0000000

Heap:
 PSYoungGen      total 522752K, used 409728K [0x0000000780800000, 0x00000007aaf00000, 0x00000007c0000000)
  eden space 473088K, 76% used [0x0000000780800000,0x0000000796a377b0,0x000000079d600000)
  from space 49664K, 94% used [0x000000079d600000,0x00000007a03e8c10,0x00000007a0680000)
  to   space 55808K, 0% used [0x00000007a7880000,0x00000007a7880000,0x00000007aaf00000)
 ParOldGen       total 306176K, used 195668K [0x0000000701800000, 0x0000000714300000, 0x0000000780800000)
  object space 306176K, 63% used [0x0000000701800000,0x000000070d7153c8,0x0000000714300000)
 Metaspace       used 47627K, capacity 48428K, committed 48856K, reserved 1091584K
  class space    used 6205K, capacity 6390K, committed 6400K, reserved 1048576K

Card table byte_map: [0x0000000012300000,0x0000000012900000] byte_map_base: 0x000000000eaf4000

Marking Bits: (ParMarkBitMap*) 0x0000000067f65ce0
 Begin Bits: [0x0000000013100000, 0x00000000160a0000)
 End Bits:   [0x00000000160a0000, 0x0000000019040000)

Polling page: 0x00000000005f0000

CodeCache: size=245760Kb used=10770Kb max_used=10770Kb free=234989Kb
 bounds [0x0000000002f40000, 0x00000000039d0000, 0x0000000011f40000]
 total_blobs=5640 nmethods=4866 adapters=685
 compilation: enabled

Compilation events (10 events):
Event: 30.808 Thread 0x000000001b9d4800 4974       1       javax.imageio.spi.DigraphNode::getData (5 bytes)
Event: 30.808 Thread 0x000000001b9d4800 nmethod 4974 0x00000000039c4790 code [0x00000000039c48e0, 0x00000000039c49f0]
Event: 30.808 Thread 0x000000001b9d4800 4975       1       javax.imageio.stream.ImageInputStreamImpl::getStreamPosition (9 bytes)
Event: 30.808 Thread 0x000000001b9d4800 nmethod 4975 0x00000000039c4a50 code [0x00000000039c4bc0, 0x00000000039c4d88]
Event: 30.862 Thread 0x000000001b9d4800 4976   !   1       java.nio.charset.CharsetEncoder::encode (285 bytes)
Event: 30.864 Thread 0x000000001b9d4800 nmethod 4976 0x00000000039c4e50 code [0x00000000039c5040, 0x00000000039c56b8]
Event: 30.987 Thread 0x000000001b9d4800 4977       1       javax.imageio.stream.FileImageInputStream::seek (48 bytes)
Event: 30.988 Thread 0x000000001b9d4800 nmethod 4977 0x00000000039c5c10 code [0x00000000039c5dc0, 0x00000000039c6168]
Event: 30.988 Thread 0x000000001b9d4800 4978       1       java.io.RandomAccessFile::seek (22 bytes)
Event: 30.988 Thread 0x000000001b9d4800 nmethod 4978 0x00000000039c6ad0 code [0x00000000039c6c40, 0x00000000039c6e18]

GC Heap History (10 events):
Event: 28.178 GC heap before
{Heap before GC invocations=16 (full 2):
 PSYoungGen      total 312832K, used 311771K [0x0000000780800000, 0x000000079a780000, 0x00000007c0000000)
  eden space 282624K, 100% used [0x0000000780800000,0x0000000791c00000,0x0000000791c00000)
  from space 30208K, 96% used [0x0000000791c00000,0x0000000793876e38,0x0000000793980000)
  to   space 33792K, 0% used [0x0000000798680000,0x0000000798680000,0x000000079a780000)
 ParOldGen       total 151040K, used 112341K [0x0000000701800000, 0x000000070ab80000, 0x0000000780800000)
  object space 151040K, 74% used [0x0000000701800000,0x00000007085b5770,0x000000070ab80000)
 Metaspace       used 47623K, capacity 48428K, committed 48856K, reserved 1091584K
  class space    used 6203K, capacity 6390K, committed 6400K, reserved 1048576K
Event: 28.214 GC heap after
Heap after GC invocations=16 (full 2):
 PSYoungGen      total 387584K, used 32054K [0x0000000780800000, 0x000000079c600000, 0x00000007c0000000)
  eden space 353792K, 0% used [0x0000000780800000,0x0000000780800000,0x0000000796180000)
  from space 33792K, 94% used [0x0000000798680000,0x000000079a5cda10,0x000000079a780000)
  to   space 37888K, 0% used [0x0000000796180000,0x0000000796180000,0x0000000798680000)
 ParOldGen       total 175616K, used 171067K [0x0000000701800000, 0x000000070c380000, 0x0000000780800000)
  object space 175616K, 97% used [0x0000000701800000,0x000000070bf0ec00,0x000000070c380000)
 Metaspace       used 47623K, capacity 48428K, committed 48856K, reserved 1091584K
  class space    used 6203K, capacity 6390K, committed 6400K, reserved 1048576K
}
Event: 28.215 GC heap before
{Heap before GC invocations=17 (full 3):
 PSYoungGen      total 387584K, used 32054K [0x0000000780800000, 0x000000079c600000, 0x00000007c0000000)
  eden space 353792K, 0% used [0x0000000780800000,0x0000000780800000,0x0000000796180000)
  from space 33792K, 94% used [0x0000000798680000,0x000000079a5cda10,0x000000079a780000)
  to   space 37888K, 0% used [0x0000000796180000,0x0000000796180000,0x0000000798680000)
 ParOldGen       total 175616K, used 171067K [0x0000000701800000, 0x000000070c380000, 0x0000000780800000)
  object space 175616K, 97% used [0x0000000701800000,0x000000070bf0ec00,0x000000070c380000)
 Metaspace       used 47623K, capacity 48428K, committed 48856K, reserved 1091584K
  class space    used 6203K, capacity 6390K, committed 6400K, reserved 1048576K
Event: 28.418 GC heap after
Heap after GC invocations=17 (full 3):
 PSYoungGen      total 387584K, used 0K [0x0000000780800000, 0x000000079c600000, 0x00000007c0000000)
  eden space 353792K, 0% used [0x0000000780800000,0x0000000780800000,0x0000000796180000)
  from space 33792K, 0% used [0x0000000798680000,0x0000000798680000,0x000000079a780000)
  to   space 37888K, 0% used [0x0000000796180000,0x0000000796180000,0x0000000798680000)
 ParOldGen       total 306176K, used 116401K [0x0000000701800000, 0x0000000714300000, 0x0000000780800000)
  object space 306176K, 38% used [0x0000000701800000,0x00000007089ac480,0x0000000714300000)
 Metaspace       used 47623K, capacity 48428K, committed 48856K, reserved 1091584K
  class space    used 6203K, capacity 6390K, committed 6400K, reserved 1048576K
}
Event: 29.204 GC heap before
{Heap before GC invocations=18 (full 3):
 PSYoungGen      total 387584K, used 353792K [0x0000000780800000, 0x000000079c600000, 0x00000007c0000000)
  eden space 353792K, 100% used [0x0000000780800000,0x0000000796180000,0x0000000796180000)
  from space 33792K, 0% used [0x0000000798680000,0x0000000798680000,0x000000079a780000)
  to   space 37888K, 0% used [0x0000000796180000,0x0000000796180000,0x0000000798680000)
 ParOldGen       total 306176K, used 116612K [0x0000000701800000, 0x0000000714300000, 0x0000000780800000)
  object space 306176K, 38% used [0x0000000701800000,0x00000007089e1210,0x0000000714300000)
 Metaspace       used 47623K, capacity 48428K, committed 48856K, reserved 1091584K
  class space    used 6203K, capacity 6390K, committed 6400K, reserved 1048576K
Event: 29.217 GC heap after
Heap after GC invocations=18 (full 3):
 PSYoungGen      total 391680K, used 37878K [0x0000000780800000, 0x00000007a3100000, 0x00000007c0000000)
  eden space 353792K, 0% used [0x0000000780800000,0x0000000780800000,0x0000000796180000)
  from space 37888K, 99% used [0x0000000796180000,0x000000079867d8a0,0x0000000798680000)
  to   space 43520K, 0% used [0x00000007a0680000,0x00000007a0680000,0x00000007a3100000)
 ParOldGen       total 306176K, used 116612K [0x0000000701800000, 0x0000000714300000, 0x0000000780800000)
  object space 306176K, 38% used [0x0000000701800000,0x00000007089e1210,0x0000000714300000)
 Metaspace       used 47623K, capacity 48428K, committed 48856K, reserved 1091584K
  class space    used 6203K, capacity 6390K, committed 6400K, reserved 1048576K
}
Event: 29.847 GC heap before
{Heap before GC invocations=19 (full 3):
 PSYoungGen      total 391680K, used 391670K [0x0000000780800000, 0x00000007a3100000, 0x00000007c0000000)
  eden space 353792K, 100% used [0x0000000780800000,0x0000000796180000,0x0000000796180000)
  from space 37888K, 99% used [0x0000000796180000,0x000000079867d8a0,0x0000000798680000)
  to   space 43520K, 0% used [0x00000007a0680000,0x00000007a0680000,0x00000007a3100000)
 ParOldGen       total 306176K, used 116614K [0x0000000701800000, 0x0000000714300000, 0x0000000780800000)
  object space 306176K, 38% used [0x0000000701800000,0x00000007089e19f0,0x0000000714300000)
 Metaspace       used 47623K, capacity 48428K, committed 48856K, reserved 1091584K
  class space    used 6203K, capacity 6390K, committed 6400K, reserved 1048576K
Event: 29.869 GC heap after
Heap after GC invocations=19 (full 3):
 PSYoungGen      total 516608K, used 42684K [0x0000000780800000, 0x00000007a3d80000, 0x00000007c0000000)
  eden space 473088K, 0% used [0x0000000780800000,0x0000000780800000,0x000000079d600000)
  from space 43520K, 98% used [0x00000007a0680000,0x00000007a302f2e8,0x00000007a3100000)
  to   space 49664K, 0% used [0x000000079d600000,0x000000079d600000,0x00000007a0680000)
 ParOldGen       total 306176K, used 183908K [0x0000000701800000, 0x0000000714300000, 0x0000000780800000)
  object space 306176K, 60% used [0x0000000701800000,0x000000070cb99398,0x0000000714300000)
 Metaspace       used 47623K, capacity 48428K, committed 48856K, reserved 1091584K
  class space    used 6203K, capacity 6390K, committed 6400K, reserved 1048576K
}
Event: 30.565 GC heap before
{Heap before GC invocations=20 (full 3):
 PSYoungGen      total 516608K, used 515772K [0x0000000780800000, 0x00000007a3d80000, 0x00000007c0000000)
  eden space 473088K, 100% used [0x0000000780800000,0x000000079d600000,0x000000079d600000)
  from space 43520K, 98% used [0x00000007a0680000,0x00000007a302f2e8,0x00000007a3100000)
  to   space 49664K, 0% used [0x000000079d600000,0x000000079d600000,0x00000007a0680000)
 ParOldGen       total 306176K, used 183912K [0x0000000701800000, 0x0000000714300000, 0x0000000780800000)
  object space 306176K, 60% used [0x0000000701800000,0x000000070cb9a350,0x0000000714300000)
 Metaspace       used 47623K, capacity 48428K, committed 48856K, reserved 1091584K
  class space    used 6203K, capacity 6390K, committed 6400K, reserved 1048576K
Event: 30.586 GC heap after
Heap after GC invocations=20 (full 3):
 PSYoungGen      total 522752K, used 47011K [0x0000000780800000, 0x00000007aaf00000, 0x00000007c0000000)
  eden space 473088K, 0% used [0x0000000780800000,0x0000000780800000,0x000000079d600000)
  from space 49664K, 94% used [0x000000079d600000,0x00000007a03e8c10,0x00000007a0680000)
  to   space 55808K, 0% used [0x00000007a7880000,0x00000007a7880000,0x00000007aaf00000)
 ParOldGen       total 306176K, used 195668K [0x0000000701800000, 0x0000000714300000, 0x0000000780800000)
  object space 306176K, 63% used [0x0000000701800000,0x000000070d7153c8,0x0000000714300000)
 Metaspace       used 47623K, capacity 48428K, committed 48856K, reserved 1091584K
  class space    used 6203K, capacity 6390K, committed 6400K, reserved 1048576K
}

Deoptimization events (0 events):
No events

Classes redefined (0 events):
No events

Internal exceptions (10 events):
Event: 16.548 Thread 0x000000001e0d1800 Exception <a 'java/lang/ArrayIndexOutOfBoundsException'> (0x000000078aae2290) thrown at [C:\re\workspace\8-2-build-windows-amd64-cygwin\jdk8u211\12973\hotspot\src\share\vm\runtime\sharedRuntime.cpp, line 605]
Event: 16.548 Thread 0x000000001e0d1800 Exception <a 'java/lang/ArrayIndexOutOfBoundsException'> (0x000000078aae3a30) thrown at [C:\re\workspace\8-2-build-windows-amd64-cygwin\jdk8u211\12973\hotspot\src\share\vm\runtime\sharedRuntime.cpp, line 605]
Event: 16.550 Thread 0x000000001e0d1800 Exception <a 'java/lang/ArrayIndexOutOfBoundsException'> (0x000000078aaf0318) thrown at [C:\re\workspace\8-2-build-windows-amd64-cygwin\jdk8u211\12973\hotspot\src\share\vm\runtime\sharedRuntime.cpp, line 605]
Event: 16.551 Thread 0x000000001e0d1800 Exception <a 'java/lang/ArrayIndexOutOfBoundsException'> (0x000000078aaf3b78) thrown at [C:\re\workspace\8-2-build-windows-amd64-cygwin\jdk8u211\12973\hotspot\src\share\vm\runtime\sharedRuntime.cpp, line 605]
Event: 16.551 Thread 0x000000001e0d1800 Exception <a 'java/lang/ArrayIndexOutOfBoundsException'> (0x000000078aaf4dd0) thrown at [C:\re\workspace\8-2-build-windows-amd64-cygwin\jdk8u211\12973\hotspot\src\share\vm\runtime\sharedRuntime.cpp, line 605]
Event: 16.552 Thread 0x000000001e0d1800 Exception <a 'java/lang/ArrayIndexOutOfBoundsException'> (0x000000078ab00290) thrown at [C:\re\workspace\8-2-build-windows-amd64-cygwin\jdk8u211\12973\hotspot\src\share\vm\runtime\sharedRuntime.cpp, line 605]
Event: 16.553 Thread 0x000000001e0d1800 Exception <a 'java/lang/ArrayIndexOutOfBoundsException'> (0x000000078ab03a10) thrown at [C:\re\workspace\8-2-build-windows-amd64-cygwin\jdk8u211\12973\hotspot\src\share\vm\runtime\sharedRuntime.cpp, line 605]
Event: 16.628 Thread 0x000000001e0c8000 Exception <a 'java/lang/ArrayIndexOutOfBoundsException'> (0x00000007890d90a8) thrown at [C:\re\workspace\8-2-build-windows-amd64-cygwin\jdk8u211\12973\hotspot\src\share\vm\runtime\sharedRuntime.cpp, line 605]
Event: 20.823 Thread 0x000000001d84e000 Exception <a 'java/io/FileNotFoundException'> (0x0000000789351b18) thrown at [C:\re\workspace\8-2-build-windows-amd64-cygwin\jdk8u211\12973\hotspot\src\share\vm\prims\jni.cpp, line 710]
Event: 31.141 Thread 0x000000001e0cf800 Exception <a 'java/lang/reflect/InvocationTargetException'> (0x00000007951b38c0) thrown at [C:\re\workspace\8-2-build-windows-amd64-cygwin\jdk8u211\12973\hotspot\src\share\vm\runtime\reflection.cpp, line 1092]

Events (10 events):
Event: 30.619 Executing VM operation: RevokeBias
Event: 30.619 Executing VM operation: RevokeBias done
Event: 31.141 loading class org/springframework/web/servlet/ModelAndViewDefiningException
Event: 31.141 loading class org/springframework/web/servlet/ModelAndViewDefiningException done
Event: 31.142 loading class org/springframework/web/method/annotation/ExceptionHandlerMethodResolver
Event: 31.142 loading class org/springframework/web/method/annotation/ExceptionHandlerMethodResolver done
Event: 31.142 loading class org/springframework/web/method/annotation/ExceptionHandlerMethodResolver$1
Event: 31.142 loading class org/springframework/web/method/annotation/ExceptionHandlerMethodResolver$1 done
Event: 31.143 loading class org/springframework/web/bind/annotation/ExceptionHandler
Event: 31.143 loading class org/springframework/web/bind/annotation/ExceptionHandler done


Dynamic libraries:
0x00007ff6d0b20000 - 0x00007ff6d0b57000 	C:\Program Files\Java\jdk1.8.0_211\bin\java.exe
0x00007ff9ed630000 - 0x00007ff9ed81d000 	C:\WINDOWS\SYSTEM32\ntdll.dll
0x00007ff9eae30000 - 0x00007ff9eaee3000 	C:\WINDOWS\System32\KERNEL32.DLL
0x00007ff9ea2d0000 - 0x00007ff9ea563000 	C:\WINDOWS\System32\KERNELBASE.dll
0x00007ff9eb300000 - 0x00007ff9eb3a3000 	C:\WINDOWS\System32\ADVAPI32.dll
0x00007ff9ebca0000 - 0x00007ff9ebd3e000 	C:\WINDOWS\System32\msvcrt.dll
0x00007ff9eb3b0000 - 0x00007ff9eb44e000 	C:\WINDOWS\System32\sechost.dll
0x00007ff9ebd50000 - 0x00007ff9ebe72000 	C:\WINDOWS\System32\RPCRT4.dll
0x00007ff9eba90000 - 0x00007ff9ebc27000 	C:\WINDOWS\System32\USER32.dll
0x00007ff9ea570000 - 0x00007ff9ea590000 	C:\WINDOWS\System32\win32u.dll
0x00007ff9ebe80000 - 0x00007ff9ebea9000 	C:\WINDOWS\System32\GDI32.dll
0x00007ff9e97d0000 - 0x00007ff9e9969000 	C:\WINDOWS\System32\gdi32full.dll
0x00007ff9e9970000 - 0x00007ff9e9a10000 	C:\WINDOWS\System32\msvcp_win.dll
0x00007ff9e9a10000 - 0x00007ff9e9b0a000 	C:\WINDOWS\System32\ucrtbase.dll
0x00007ff9dcb70000 - 0x00007ff9dcde9000 	C:\WINDOWS\WinSxS\amd64_microsoft.windows.common-controls_6595b64144ccf1df_6.0.17763.864_none_05b3441807210760\COMCTL32.dll
0x00007ff9eb4c0000 - 0x00007ff9eb7ec000 	C:\WINDOWS\System32\combase.dll
0x00007ff9ea6d0000 - 0x00007ff9ea74e000 	C:\WINDOWS\System32\bcryptPrimitives.dll
0x00007ff9eb950000 - 0x00007ff9eb97e000 	C:\WINDOWS\System32\IMM32.DLL
0x0000000067ff0000 - 0x00000000680c2000 	C:\Program Files\Java\jdk1.8.0_211\jre\bin\msvcr100.dll
0x0000000067740000 - 0x0000000067fe5000 	C:\Program Files\Java\jdk1.8.0_211\jre\bin\server\jvm.dll
0x00007ff9eb450000 - 0x00007ff9eb458000 	C:\WINDOWS\System32\PSAPI.DLL
0x00007ff9d9ee0000 - 0x00007ff9d9ee9000 	C:\WINDOWS\SYSTEM32\WSOCK32.dll
0x00007ff9dec00000 - 0x00007ff9dec24000 	C:\WINDOWS\SYSTEM32\WINMM.dll
0x00007ff9e2120000 - 0x00007ff9e212a000 	C:\WINDOWS\SYSTEM32\VERSION.dll
0x00007ff9ebc30000 - 0x00007ff9ebc9d000 	C:\WINDOWS\System32\WS2_32.dll
0x00007ff9de9c0000 - 0x00007ff9de9ed000 	C:\WINDOWS\SYSTEM32\WINMMBASE.dll
0x00007ff9e9b10000 - 0x00007ff9e9b5a000 	C:\WINDOWS\System32\cfgmgr32.dll
0x00007ff9e4a40000 - 0x00007ff9e4a4f000 	C:\Program Files\Java\jdk1.8.0_211\jre\bin\verify.dll
0x00007ff9e37f0000 - 0x00007ff9e3819000 	C:\Program Files\Java\jdk1.8.0_211\jre\bin\java.dll
0x00007ff9e2d30000 - 0x00007ff9e2d53000 	C:\Program Files\Java\jdk1.8.0_211\jre\bin\instrument.dll
0x00007ff9e37d0000 - 0x00007ff9e37e6000 	C:\Program Files\Java\jdk1.8.0_211\jre\bin\zip.dll
0x00007ff9ebec0000 - 0x00007ff9ed3b4000 	C:\WINDOWS\System32\SHELL32.dll
0x00007ff9ed4f0000 - 0x00007ff9ed598000 	C:\WINDOWS\System32\shcore.dll
0x00007ff9e9b60000 - 0x00007ff9ea2ad000 	C:\WINDOWS\System32\windows.storage.dll
0x00007ff9e9760000 - 0x00007ff9e9784000 	C:\WINDOWS\System32\profapi.dll
0x00007ff9e9700000 - 0x00007ff9e975d000 	C:\WINDOWS\System32\powrprof.dll
0x00007ff9ed5a0000 - 0x00007ff9ed5f2000 	C:\WINDOWS\System32\shlwapi.dll
0x00007ff9e9790000 - 0x00007ff9e97a1000 	C:\WINDOWS\System32\kernel.appcore.dll
0x00007ff9ea2b0000 - 0x00007ff9ea2c7000 	C:\WINDOWS\System32\cryptsp.dll
0x00007ff9e3710000 - 0x00007ff9e372a000 	D:\IntelliJ IDEA 2018.3.3\bin\breakgen64.dll
0x00007ff9df3d0000 - 0x00007ff9df3ea000 	C:\Program Files\Java\jdk1.8.0_211\jre\bin\net.dll
0x00007ff9dc320000 - 0x00007ff9dc4f7000 	C:\WINDOWS\SYSTEM32\urlmon.dll
0x00007ff9d6bb0000 - 0x00007ff9d6e58000 	C:\WINDOWS\SYSTEM32\iertutil.dll
0x00007ff9e9140000 - 0x00007ff9e914c000 	C:\WINDOWS\SYSTEM32\CRYPTBASE.DLL
0x00007ff9e8f70000 - 0x00007ff9e8fd7000 	C:\WINDOWS\system32\mswsock.dll
0x00007ff9e3d30000 - 0x00007ff9e3d3d000 	C:\Program Files\Java\jdk1.8.0_211\jre\bin\management.dll
0x00007ff9df3b0000 - 0x00007ff9df3c2000 	C:\Program Files\Java\jdk1.8.0_211\jre\bin\nio.dll
0x00007ff9d8f60000 - 0x00007ff9d8f76000 	C:\WINDOWS\system32\napinsp.dll
0x00007ff9d1b60000 - 0x00007ff9d1b7a000 	C:\WINDOWS\system32\pnrpnsp.dll
0x00007ff9e8cd0000 - 0x00007ff9e8d96000 	C:\WINDOWS\SYSTEM32\DNSAPI.dll
0x00007ff9ebeb0000 - 0x00007ff9ebeb8000 	C:\WINDOWS\System32\NSI.dll
0x00007ff9e8c90000 - 0x00007ff9e8ccd000 	C:\WINDOWS\SYSTEM32\IPHLPAPI.DLL
0x00007ff9d8f50000 - 0x00007ff9d8f5e000 	C:\WINDOWS\System32\winrnr.dll
0x00007ff9e4870000 - 0x00007ff9e488b000 	C:\WINDOWS\system32\NLAapi.dll
0x00007ff9e2bf0000 - 0x00007ff9e2c05000 	C:\WINDOWS\system32\wshbth.dll
0x00007ff9e0630000 - 0x00007ff9e063a000 	C:\Windows\System32\rasadhlp.dll
0x00007ff9e21b0000 - 0x00007ff9e2229000 	C:\WINDOWS\System32\fwpuclnt.dll
0x00007ff9ea6a0000 - 0x00007ff9ea6c6000 	C:\WINDOWS\System32\bcrypt.dll
0x00007ff9e8af0000 - 0x00007ff9e8b23000 	C:\WINDOWS\system32\rsaenh.dll
0x00007ff9e9630000 - 0x00007ff9e9658000 	C:\WINDOWS\SYSTEM32\USERENV.dll
0x00007ff9e2bb0000 - 0x00007ff9e2bc6000 	C:\WINDOWS\SYSTEM32\dhcpcsvc6.DLL
0x00007ff9e2b90000 - 0x00007ff9e2bac000 	C:\WINDOWS\SYSTEM32\dhcpcsvc.DLL
0x00007ff9e32c0000 - 0x00007ff9e32ca000 	E:\SSH\libarcsoft_face_engine_jni.dll
0x00007ff9ddef0000 - 0x00007ff9ddf96000 	C:\WINDOWS\SYSTEM32\MSVCP120.dll
0x00007ff9ddd80000 - 0x00007ff9dde6f000 	C:\WINDOWS\SYSTEM32\MSVCR120.dll
0x00007ff9ddd10000 - 0x00007ff9ddd76000 	E:\SSH\libarcsoft_face_engine.dll
0x00007ff9eb980000 - 0x00007ff9eb9e0000 	C:\WINDOWS\System32\WLDAP32.dll
0x00007ff98e030000 - 0x00007ff990d5f000 	E:\SSH\libarcsoft_face.dll
0x00007ff9cb580000 - 0x00007ff9cb719000 	C:\Program Files\Java\jdk1.8.0_211\jre\bin\awt.dll
0x00007ff9eb0c0000 - 0x00007ff9eb184000 	C:\WINDOWS\System32\OLEAUT32.dll
0x00007ff9e6cf0000 - 0x00007ff9e6d7c000 	C:\WINDOWS\SYSTEM32\apphelp.dll
0x00007ff9decf0000 - 0x00007ff9ded21000 	C:\Program Files\Java\jdk1.8.0_211\jre\bin\jpeg.dll
0x00007ff9e80f0000 - 0x00007ff9e82dd000 	C:\WINDOWS\SYSTEM32\dbghelp.dll

VM Arguments:
jvm_args: -XX:TieredStopAtLevel=1 -Xverify:none -Dspring.output.ansi.enabled=always -Dcom.sun.management.jmxremote -Dcom.sun.management.jmxremote.port=64643 -Dcom.sun.management.jmxremote.authenticate=false -Dcom.sun.management.jmxremote.ssl=false -Djava.rmi.server.hostname=localhost -Dspring.liveBeansView.mbeanDomain -Dspring.application.admin.enabled=true -javaagent:D:\IntelliJ IDEA 2018.3.3\lib\idea_rt.jar=64644:D:\IntelliJ IDEA 2018.3.3\bin -Dfile.encoding=UTF-8 
java_command: top.jglo.hotel.HotelFuFuApplication
java_class_path (initial): C:\Program Files\Java\jdk1.8.0_211\jre\lib\charsets.jar;C:\Program Files\Java\jdk1.8.0_211\jre\lib\deploy.jar;C:\Program Files\Java\jdk1.8.0_211\jre\lib\ext\access-bridge-64.jar;C:\Program Files\Java\jdk1.8.0_211\jre\lib\ext\cldrdata.jar;C:\Program Files\Java\jdk1.8.0_211\jre\lib\ext\dnsns.jar;C:\Program Files\Java\jdk1.8.0_211\jre\lib\ext\jaccess.jar;C:\Program Files\Java\jdk1.8.0_211\jre\lib\ext\jfxrt.jar;C:\Program Files\Java\jdk1.8.0_211\jre\lib\ext\localedata.jar;C:\Program Files\Java\jdk1.8.0_211\jre\lib\ext\nashorn.jar;C:\Program Files\Java\jdk1.8.0_211\jre\lib\ext\sunec.jar;C:\Program Files\Java\jdk1.8.0_211\jre\lib\ext\sunjce_provider.jar;C:\Program Files\Java\jdk1.8.0_211\jre\lib\ext\sunmscapi.jar;C:\Program Files\Java\jdk1.8.0_211\jre\lib\ext\sunpkcs11.jar;C:\Program Files\Java\jdk1.8.0_211\jre\lib\ext\zipfs.jar;C:\Program Files\Java\jdk1.8.0_211\jre\lib\javaws.jar;C:\Program Files\Java\jdk1.8.0_211\jre\lib\jce.jar;C:\Program Files\Java\jdk1.8.0_211\jre\lib\jfr.jar;C:\Program Files\Java\jdk1.8.0_211\jre\lib\jfxswt.jar;C:\Program Files\Java\jdk1.8.0_211\jre\lib\jsse.jar;C:\Program Files\Java\jdk1.8.0_211\jre\lib\management-agent.jar;C:\Program Files\Java\jdk1.8.0_211\jre\lib\plugin.jar;C:\Program Files\Java\jdk1.8.0_211\jre\lib\resources.jar;C:\Program Files\Java\jdk1.8.0_211\jre\lib\rt.jar;E:\HotelFuFu\HotelFuFu1.0\target\classes;E:\HotelFuFu\虹软实例\libs\arcsoft-sdk-face-2.0.0.0.jar;D:\Maven\repository\org\springframework\boot\spring-boot-devtools\1.5.2.RELEASE\spring-boot-devtools-1.5.2.RELEASE.jar;D:\Maven\repository\org\springframework\boot\spring-boot\1.5.2.RELEASE\spring-boot-1.5.2.RELEASE.jar;D:\Maven\repository\org\springframework\boot\spring-boot-autoconfigure\1.5.2.RELEASE\spring-boot-autoconfigure-1.5.2.RELEASE.jar;D:\Maven\repository\org\springframework\boot\spring-boot-starter-data-jpa\1.5.2.RELEASE\spring-boot-starter-data-jpa-1.5.2.RELEASE.jar;D:\Maven\repository\org\springframework\boot\spring-boot-starter\1.5
Launcher Type: SUN_STANDARD

Environment Variables:
JAVA_HOME=C:\Program Files\Java\jdk-12.0.1
CLASSPATH= .;C:\Program Files\Java\jdk-12.0.1\lib;C:\Program Files\Java\jdk-12.0.1\lib\tools.jar
PATH=C:\Program Files (x86)\Common Files\Oracle\Java\javapath;C:\Program Files\Intel\iCLS Client\;C:\Windows\system32;C:\Windows;C:\Windows\System32\Wbem;C:\Windows\System32\WindowsPowerShell\v1.0\;C:\Program Files (x86)\NVIDIA Corporation\PhysX\Common;C:\Program Files (x86)\Intel\Intel(R) Management Engine Components\DAL;C:\Program Files\Intel\Intel(R) Management Engine Components\DAL;C:\WINDOWS\system32;C:\WINDOWS;C:\WINDOWS\System32\Wbem;C:\WINDOWS\System32\WindowsPowerShell\v1.0\;C:\WINDOWS\System32\OpenSSH\;C:\Program Files\Java\jdk-12.0.1\bin;D:\Git\cmd;C:\ProgramData\Microsoft\Windows\Start Menu\Programs\MySQL\MySQL Server 8.0;C:\Program Files\MySQL\MySQL Server 8.0\bin;D:\node.js\;D:\Maven\apache-maven-3.6.1\bin;D:\yarn\bin\;C:\Program Files\dotnet\;C:\Program Files\Intel\WiFi\bin\;C:\Program Files\Common Files\Intel\WirelessCommon\;D:\PowerISO\common;C:\Users\zjc\AppData\Local\Microsoft\WindowsApps;C:\Program Files\Intel\WiFi\bin\;C:\Program Files\Common Files\Intel\WirelessCommon\;C:\Users\zjc\AppData\Roaming\npm;C:\Users\zjc\AppData\Local\Yarn\bin;C:\Users\zjc\AppData\Local\GitHubDesktop\bin;E:\SSH
USERNAME=zjc
OS=Windows_NT
PROCESSOR_IDENTIFIER=Intel64 Family 6 Model 142 Stepping 9, GenuineIntel



---------------  S Y S T E M  ---------------

OS: Windows 10.0 , 64 bit Build 17763 (10.0.17763.475)

CPU:total 4 (initial active 4) (2 cores per cpu, 2 threads per core) family 6 model 142 stepping 9, cmov, cx8, fxsr, mmx, sse, sse2, sse3, ssse3, sse4.1, sse4.2, popcnt, avx, avx2, aes, clmul, erms, 3dnowpref, lzcnt, ht, tsc, tscinvbit, bmi1, bmi2, adx

Memory: 4k page, physical 12478944k(1455040k free), swap 18630784k(2960732k free)

vm_info: Java HotSpot(TM) 64-Bit Server VM (25.211-b12) for windows-amd64 JRE (1.8.0_211-b12), built on Apr  1 2019 20:53:26 by "java_re" with MS VC++ 10.0 (VS2010)

time: Tue Nov 26 17:19:57 2019
timezone: 中国标准时间
elapsed time: 31 seconds (0d 0h 0m 31s)

