#
# A fatal error has been detected by the Java Runtime Environment:
#
#  EXCEPTION_ACCESS_VIOLATION (0xc0000005) at pc=0x00007ff98e0f59b0, pid=242144, tid=0x000000000004d0d4
#
# JRE version: Java(TM) SE Runtime Environment (8.0_211-b12) (build 1.8.0_211-b12)
# Java VM: Java HotSpot(TM) 64-Bit Server VM (25.211-b12 mixed mode windows-amd64 compressed oops)
# Problematic frame:
# C  [libarcsoft_face.dll+0xc59b0]
#
# Failed to write core dump. Minidumps are not enabled by default on client versions of Windows
#
# If you would like to submit a bug report, please visit:
#   http://bugreport.java.com/bugreport/crash.jsp
# The crash happened outside the Java Virtual Machine in native code.
# See problematic frame for where to report the bug.
#

---------------  T H R E A D  ---------------

Current thread (0x000000002ef30000):  JavaThread "http-nio-8073-exec-7" daemon [_thread_in_native, id=315604, stack(0x00000000316b0000,0x00000000317b0000)]

siginfo: ExceptionCode=0xc0000005, reading address 0x000000000000000c

Registers:
RAX=0x0000000000000000, RBX=0x0000000000000780, RCX=0x0000000000000000, RDX=0x0000000000000000
RSP=0x00000000317ac5c0, RBP=0x0000000032291040, RSI=0x0000000000000000, RDI=0x0000000000000438
R8 =0x0000000000000000, R9 =0x0000000000000000, R10=0x0000000000000018, R11=0x000000002171a9b8
R12=0x000000002171a9b8, R13=0x0000000000000018, R14=0x00000000317aca80, R15=0x0000000020b90340
RIP=0x00007ff98e0f59b0, EFLAGS=0x0000000000010246

Top of Stack: (sp=0x00000000317ac5c0)
0x00000000317ac5c0:   00000000317aaab0 000000003179ba90
0x00000000317ac5d0:   000006c0000000c0 00007ff98e29d5c0
0x00000000317ac5e0:   00000000216e6e60 0000000021714cc0
0x00000000317ac5f0:   00001a6dcc116ccc 00000000000000c0
0x00000000317ac600:   00007ff98e29d5c0 0000000021714cc0
0x00000000317ac610:   00000780000000c0 0000000000000008
0x00000000317ac620:   0000000000000ca8 0000000000001b00
0x00000000317ac630:   0000000000000000 0000000000000000
0x00000000317ac640:   0000000000000000 0000000000000000
0x00000000317ac650:   000000003f51eb85 0000000000000000
0x00000000317ac660:   000000003f19999a 0000000000000000
0x00000000317ac670:   000000003f666666 0000000000000000
0x00000000317ac680:   0000000040000000 0000000000000000
0x00000000317ac690:   0000000040400000 0000000000000000
0x00000000317ac6a0:   000000003f800000 0000000000000000
0x00000000317ac6b0:   0000000041400000 0000000000000000 

Instructions: (pc=0x00007ff98e0f59b0)
0x00007ff98e0f5990:   01 00 00 33 d2 41 0f 28 d1 41 0f 28 d8 41 0f 28
0x00007ff98e0f59a0:   e1 8b ca 89 94 24 40 01 00 00 8b f2 41 0f 28 f0
0x00007ff98e0f59b0:   f3 0f 59 50 0c f3 0f 59 58 10 f3 0f 59 60 04 45
0x00007ff98e0f59c0:   8b fa 44 0f 2f f4 0f 28 ea 0f 28 fb f3 0f 59 70 


Register to memory mapping:

RAX=0x0000000000000000 is an unknown value
RBX=0x0000000000000780 is an unknown value
RCX=0x0000000000000000 is an unknown value
RDX=0x0000000000000000 is an unknown value
RSP=0x00000000317ac5c0 is pointing into the stack for thread: 0x000000002ef30000
RBP=0x0000000032291040 is an unknown value
RSI=0x0000000000000000 is an unknown value
RDI=0x0000000000000438 is an unknown value
R8 =0x0000000000000000 is an unknown value
R9 =0x0000000000000000 is an unknown value
R10=0x0000000000000018 is an unknown value
R11=0x000000002171a9b8 is an unknown value
R12=0x000000002171a9b8 is an unknown value
R13=0x0000000000000018 is an unknown value
R14=0x00000000317aca80 is pointing into the stack for thread: 0x000000002ef30000
R15=0x0000000020b90340 is an unknown value


Stack: [0x00000000316b0000,0x00000000317b0000],  sp=0x00000000317ac5c0,  free space=1009k
Native frames: (J=compiled Java code, j=interpreted, Vv=VM code, C=native code)
C  [libarcsoft_face.dll+0xc59b0]
C  [libarcsoft_face.dll+0xbb659]
C  [libarcsoft_face.dll+0xb59e3]
C  [libarcsoft_face.dll+0xb5588]
C  [libarcsoft_face.dll+0xb48b0]
C  [libarcsoft_face.dll+0xb2b35]
C  [libarcsoft_face.dll+0x381f]
C  [libarcsoft_face_engine.dll+0x3b06]
C  [libarcsoft_face_engine_jni.dll+0x17e0]
C  0x00000000034d8c67

Java frames: (J=compiled Java code, j=interpreted, Vv=VM code)
j  com.arcsoft.face.FaceEngine.detectFaces(J[BIII[Lcom/arcsoft/face/FaceInfo;Lcom/arcsoft/face/FaceEngine;)I+0
j  com.arcsoft.face.FaceEngine.detectFaces([BIILcom/arcsoft/face/enums/ImageFormat;Ljava/util/List;)I+171
j  top.jglo.hotel.controller.Test.addWorker()I+84
v  ~StubRoutines::call_stub
J 1578  sun.reflect.NativeMethodAccessorImpl.invoke0(Ljava/lang/reflect/Method;Ljava/lang/Object;[Ljava/lang/Object;)Ljava/lang/Object; (0 bytes) @ 0x00000000038675bf [0x0000000003867540+0x7f]
J 1577 C1 sun.reflect.NativeMethodAccessorImpl.invoke(Ljava/lang/Object;[Ljava/lang/Object;)Ljava/lang/Object; (104 bytes) @ 0x000000000386a9a4 [0x000000000386a5e0+0x3c4]
J 1353 C1 sun.reflect.DelegatingMethodAccessorImpl.invoke(Ljava/lang/Object;[Ljava/lang/Object;)Ljava/lang/Object; (10 bytes) @ 0x00000000037e8be4 [0x00000000037e8ba0+0x44]
J 1352 C1 java.lang.reflect.Method.invoke(Ljava/lang/Object;[Ljava/lang/Object;)Ljava/lang/Object; (62 bytes) @ 0x00000000037e87e4 [0x00000000037e86e0+0x104]
j  org.springframework.web.method.support.InvocableHandlerMethod.doInvoke([Ljava/lang/Object;)Ljava/lang/Object;+16
j  org.springframework.web.method.support.InvocableHandlerMethod.invokeForRequest(Lorg/springframework/web/context/request/NativeWebRequest;Lorg/springframework/web/method/support/ModelAndViewContainer;[Ljava/lang/Object;)Ljava/lang/Object;+75
j  org.springframework.web.servlet.mvc.method.annotation.ServletInvocableHandlerMethod.invokeAndHandle(Lorg/springframework/web/context/request/ServletWebRequest;Lorg/springframework/web/method/support/ModelAndViewContainer;[Ljava/lang/Object;)V+4
j  org.springframework.web.servlet.mvc.method.annotation.RequestMappingHandlerAdapter.invokeHandlerMethod(Ljavax/servlet/http/HttpServletRequest;Ljavax/servlet/http/HttpServletResponse;Lorg/springframework/web/method/HandlerMethod;)Lorg/springframework/web/servlet/ModelAndView;+262
j  org.springframework.web.servlet.mvc.method.annotation.RequestMappingHandlerAdapter.handleInternal(Ljavax/servlet/http/HttpServletRequest;Ljavax/servlet/http/HttpServletResponse;Lorg/springframework/web/method/HandlerMethod;)Lorg/springframework/web/servlet/ModelAndView;+81
j  org.springframework.web.servlet.mvc.method.AbstractHandlerMethodAdapter.handle(Ljavax/servlet/http/HttpServletRequest;Ljavax/servlet/http/HttpServletResponse;Ljava/lang/Object;)Lorg/springframework/web/servlet/ModelAndView;+7
j  org.springframework.web.servlet.DispatcherServlet.doDispatch(Ljavax/servlet/http/HttpServletRequest;Ljavax/servlet/http/HttpServletResponse;)V+318
j  org.springframework.web.servlet.DispatcherServlet.doService(Ljavax/servlet/http/HttpServletRequest;Ljavax/servlet/http/HttpServletResponse;)V+301
j  org.springframework.web.servlet.FrameworkServlet.processRequest(Ljavax/servlet/http/HttpServletRequest;Ljavax/servlet/http/HttpServletResponse;)V+71
j  org.springframework.web.servlet.FrameworkServlet.doPost(Ljavax/servlet/http/HttpServletRequest;Ljavax/servlet/http/HttpServletResponse;)V+3
j  javax.servlet.http.HttpServlet.service(Ljavax/servlet/http/HttpServletRequest;Ljavax/servlet/http/HttpServletResponse;)V+149
j  org.springframework.web.servlet.FrameworkServlet.service(Ljavax/servlet/http/HttpServletRequest;Ljavax/servlet/http/HttpServletResponse;)V+33
j  javax.servlet.http.HttpServlet.service(Ljavax/servlet/ServletRequest;Ljavax/servlet/ServletResponse;)V+30
j  org.apache.catalina.core.ApplicationFilterChain.internalDoFilter(Ljavax/servlet/ServletRequest;Ljavax/servlet/ServletResponse;)V+304
j  org.apache.catalina.core.ApplicationFilterChain.doFilter(Ljavax/servlet/ServletRequest;Ljavax/servlet/ServletResponse;)V+101
j  org.apache.tomcat.websocket.server.WsFilter.doFilter(Ljavax/servlet/ServletRequest;Ljavax/servlet/ServletResponse;Ljavax/servlet/FilterChain;)V+21
j  org.apache.catalina.core.ApplicationFilterChain.internalDoFilter(Ljavax/servlet/ServletRequest;Ljavax/servlet/ServletResponse;)V+135
j  org.apache.catalina.core.ApplicationFilterChain.doFilter(Ljavax/servlet/ServletRequest;Ljavax/servlet/ServletResponse;)V+101
j  org.springframework.web.filter.RequestContextFilter.doFilterInternal(Ljavax/servlet/http/HttpServletRequest;Ljavax/servlet/http/HttpServletResponse;Ljavax/servlet/FilterChain;)V+21
j  org.springframework.web.filter.OncePerRequestFilter.doFilter(Ljavax/servlet/ServletRequest;Ljavax/servlet/ServletResponse;Ljavax/servlet/FilterChain;)V+111
j  org.apache.catalina.core.ApplicationFilterChain.internalDoFilter(Ljavax/servlet/ServletRequest;Ljavax/servlet/ServletResponse;)V+135
j  org.apache.catalina.core.ApplicationFilterChain.doFilter(Ljavax/servlet/ServletRequest;Ljavax/servlet/ServletResponse;)V+101
j  org.springframework.web.filter.HttpPutFormContentFilter.doFilterInternal(Ljavax/servlet/http/HttpServletRequest;Ljavax/servlet/http/HttpServletResponse;Ljavax/servlet/FilterChain;)V+87
j  org.springframework.web.filter.OncePerRequestFilter.doFilter(Ljavax/servlet/ServletRequest;Ljavax/servlet/ServletResponse;Ljavax/servlet/FilterChain;)V+111
j  org.apache.catalina.core.ApplicationFilterChain.internalDoFilter(Ljavax/servlet/ServletRequest;Ljavax/servlet/ServletResponse;)V+135
j  org.apache.catalina.core.ApplicationFilterChain.doFilter(Ljavax/servlet/ServletRequest;Ljavax/servlet/ServletResponse;)V+101
j  org.springframework.web.filter.HiddenHttpMethodFilter.doFilterInternal(Ljavax/servlet/http/HttpServletRequest;Ljavax/servlet/http/HttpServletResponse;Ljavax/servlet/FilterChain;)V+64
j  org.springframework.web.filter.OncePerRequestFilter.doFilter(Ljavax/servlet/ServletRequest;Ljavax/servlet/ServletResponse;Ljavax/servlet/FilterChain;)V+111
j  org.apache.catalina.core.ApplicationFilterChain.internalDoFilter(Ljavax/servlet/ServletRequest;Ljavax/servlet/ServletResponse;)V+135
j  org.apache.catalina.core.ApplicationFilterChain.doFilter(Ljavax/servlet/ServletRequest;Ljavax/servlet/ServletResponse;)V+101
j  org.springframework.web.filter.CharacterEncodingFilter.doFilterInternal(Ljavax/servlet/http/HttpServletRequest;Ljavax/servlet/http/HttpServletResponse;Ljavax/servlet/FilterChain;)V+53
j  org.springframework.web.filter.OncePerRequestFilter.doFilter(Ljavax/servlet/ServletRequest;Ljavax/servlet/ServletResponse;Ljavax/servlet/FilterChain;)V+111
j  org.apache.catalina.core.ApplicationFilterChain.internalDoFilter(Ljavax/servlet/ServletRequest;Ljavax/servlet/ServletResponse;)V+135
j  org.apache.catalina.core.ApplicationFilterChain.doFilter(Ljavax/servlet/ServletRequest;Ljavax/servlet/ServletResponse;)V+101
j  org.apache.catalina.core.StandardWrapperValve.invoke(Lorg/apache/catalina/connector/Request;Lorg/apache/catalina/connector/Response;)V+688
j  org.apache.catalina.core.StandardContextValve.invoke(Lorg/apache/catalina/connector/Request;Lorg/apache/catalina/connector/Response;)V+166
j  org.apache.catalina.authenticator.AuthenticatorBase.invoke(Lorg/apache/catalina/connector/Request;Lorg/apache/catalina/connector/Response;)V+275
j  org.apache.catalina.core.StandardHostValve.invoke(Lorg/apache/catalina/connector/Request;Lorg/apache/catalina/connector/Response;)V+135
j  org.apache.catalina.valves.ErrorReportValve.invoke(Lorg/apache/catalina/connector/Request;Lorg/apache/catalina/connector/Response;)V+6
j  org.apache.catalina.core.StandardEngineValve.invoke(Lorg/apache/catalina/connector/Request;Lorg/apache/catalina/connector/Response;)V+71
j  org.apache.catalina.connector.CoyoteAdapter.service(Lorg/apache/coyote/Request;Lorg/apache/coyote/Response;)V+199
j  org.apache.coyote.http11.Http11Processor.service(Lorg/apache/tomcat/util/net/SocketWrapperBase;)Lorg/apache/tomcat/util/net/AbstractEndpoint$Handler$SocketState;+790
j  org.apache.coyote.AbstractProcessorLight.process(Lorg/apache/tomcat/util/net/SocketWrapperBase;Lorg/apache/tomcat/util/net/SocketEvent;)Lorg/apache/tomcat/util/net/AbstractEndpoint$Handler$SocketState;+106
j  org.apache.coyote.AbstractProtocol$ConnectionHandler.process(Lorg/apache/tomcat/util/net/SocketWrapperBase;Lorg/apache/tomcat/util/net/SocketEvent;)Lorg/apache/tomcat/util/net/AbstractEndpoint$Handler$SocketState;+378
j  org.apache.tomcat.util.net.NioEndpoint$SocketProcessor.doRun()V+191
j  org.apache.tomcat.util.net.SocketProcessorBase.run()V+21
j  java.util.concurrent.ThreadPoolExecutor.runWorker(Ljava/util/concurrent/ThreadPoolExecutor$Worker;)V+95
j  java.util.concurrent.ThreadPoolExecutor$Worker.run()V+5
j  org.apache.tomcat.util.threads.TaskThread$WrappingRunnable.run()V+4
j  java.lang.Thread.run()V+11
v  ~StubRoutines::call_stub

---------------  P R O C E S S  ---------------

Java Threads: ( => current thread )
  0x000000002ef33800 JavaThread "Java2D Disposer" daemon [_thread_blocked, id=321888, stack(0x0000000031db0000,0x0000000031eb0000)]
  0x000000002ef33000 JavaThread "http-nio-8073-exec-13" daemon [_thread_in_native, id=324332, stack(0x0000000031cb0000,0x0000000031db0000)]
  0x000000002ef32000 JavaThread "http-nio-8073-exec-12" daemon [_thread_blocked, id=313176, stack(0x0000000031bb0000,0x0000000031cb0000)]
  0x000000002ef31800 JavaThread "http-nio-8073-exec-11" daemon [_thread_blocked, id=322744, stack(0x0000000031ab0000,0x0000000031bb0000)]
  0x000000002ef2a000 JavaThread "http-nio-8073-exec-10" daemon [_thread_in_Java, id=320636, stack(0x00000000319b0000,0x0000000031ab0000)]
  0x000000002ef30800 JavaThread "http-nio-8073-exec-9" daemon [_thread_blocked, id=320772, stack(0x00000000318b0000,0x00000000319b0000)]
  0x000000002ef2f000 JavaThread "http-nio-8073-exec-8" daemon [_thread_in_native, id=316456, stack(0x00000000317b0000,0x00000000318b0000)]
=>0x000000002ef30000 JavaThread "http-nio-8073-exec-7" daemon [_thread_in_native, id=315604, stack(0x00000000316b0000,0x00000000317b0000)]
  0x000000002ef27800 JavaThread "http-nio-8073-exec-6" daemon [_thread_blocked, id=321944, stack(0x00000000315b0000,0x00000000316b0000)]
  0x000000002ef2e800 JavaThread "http-nio-8073-exec-5" daemon [_thread_in_native, id=324656, stack(0x00000000314b0000,0x00000000315b0000)]
  0x000000002ef2d000 JavaThread "http-nio-8073-exec-4" daemon [_thread_blocked, id=307208, stack(0x00000000313b0000,0x00000000314b0000)]
  0x000000002ef2d800 JavaThread "http-nio-8073-exec-3" daemon [_thread_blocked, id=325308, stack(0x00000000312b0000,0x00000000313b0000)]
  0x000000002ef29000 JavaThread "http-nio-8073-exec-2" daemon [_thread_blocked, id=324336, stack(0x00000000311b0000,0x00000000312b0000)]
  0x000000002ef25800 JavaThread "http-nio-8073-exec-1" daemon [_thread_blocked, id=325492, stack(0x00000000310b0000,0x00000000311b0000)]
  0x000000002ef28800 JavaThread "RMI TCP Connection(4)-127.0.0.1" daemon [_thread_in_native, id=321480, stack(0x0000000030cb0000,0x0000000030db0000)]
  0x000000002ef2c000 JavaThread "DestroyJavaVM" [_thread_blocked, id=312684, stack(0x0000000002fd0000,0x00000000030d0000)]
  0x000000002ef2b800 JavaThread "http-nio-8073-AsyncTimeout" daemon [_thread_blocked, id=325516, stack(0x00000000308b0000,0x00000000309b0000)]
  0x000000002ef27000 JavaThread "http-nio-8073-Acceptor-0" daemon [_thread_in_native, id=302796, stack(0x00000000307b0000,0x00000000308b0000)]
  0x000000002ef26000 JavaThread "http-nio-8073-ClientPoller-1" daemon [_thread_in_native, id=325344, stack(0x00000000306b0000,0x00000000307b0000)]
  0x000000002ef2a800 JavaThread "http-nio-8073-ClientPoller-0" daemon [_thread_in_native, id=309848, stack(0x00000000305b0000,0x00000000306b0000)]
  0x000000001e0e8800 JavaThread "NioBlockingSelector.BlockPoller-1" daemon [_thread_in_native, id=325564, stack(0x00000000304b0000,0x00000000305b0000)]
  0x000000001e0ed000 JavaThread "Live Reload Server" daemon [_thread_in_native, id=322112, stack(0x00000000303b0000,0x00000000304b0000)]
  0x000000001e0ea800 JavaThread "File Watcher" daemon [_thread_blocked, id=301308, stack(0x00000000301b0000,0x00000000302b0000)]
  0x000000001e0ec000 JavaThread "RMI TCP Connection(3)-127.0.0.1" daemon [_thread_in_native, id=310052, stack(0x0000000020880000,0x0000000020980000)]
  0x000000001e0ea000 JavaThread "Abandoned connection cleanup thread" daemon [_thread_blocked, id=311092, stack(0x000000001fe80000,0x000000001ff80000)]
  0x000000001e0e7800 JavaThread "Tomcat JDBC Pool Cleaner[414493378:1574759173153]" daemon [_thread_blocked, id=325348, stack(0x000000001fd80000,0x000000001fe80000)]
  0x000000001e0ed800 JavaThread "container-0" [_thread_blocked, id=325216, stack(0x000000001fb80000,0x000000001fc80000)]
  0x000000001e0ee800 JavaThread "ContainerBackgroundProcessor[StandardEngine[Tomcat]]" daemon [_thread_blocked, id=320528, stack(0x000000001fa80000,0x000000001fb80000)]
  0x000000001c2e4000 JavaThread "RMI TCP Connection(2)-127.0.0.1" daemon [_thread_in_native, id=315908, stack(0x000000001d4b0000,0x000000001d5b0000)]
  0x000000001c2e1800 JavaThread "RMI Scheduler(0)" daemon [_thread_blocked, id=324824, stack(0x000000001d3b0000,0x000000001d4b0000)]
  0x000000001c2c8000 JavaThread "RMI TCP Connection(1)-127.0.0.1" daemon [_thread_in_native, id=324064, stack(0x000000001d2b0000,0x000000001d3b0000)]
  0x000000001c2ae800 JavaThread "RMI TCP Accept-0" daemon [_thread_in_native, id=325184, stack(0x000000001d0b0000,0x000000001d1b0000)]
  0x000000001c28b800 JavaThread "RMI TCP Accept-64380" daemon [_thread_in_native, id=315688, stack(0x000000001cfb0000,0x000000001d0b0000)]
  0x000000001c233800 JavaThread "RMI TCP Accept-0" daemon [_thread_in_native, id=315168, stack(0x000000001ceb0000,0x000000001cfb0000)]
  0x000000001bf46000 JavaThread "Service Thread" daemon [_thread_blocked, id=303052, stack(0x000000001cab0000,0x000000001cbb0000)]
  0x000000001bf45800 JavaThread "C1 CompilerThread2" daemon [_thread_blocked, id=311264, stack(0x000000001c9b0000,0x000000001cab0000)]
  0x000000001bcae800 JavaThread "C2 CompilerThread1" daemon [_thread_blocked, id=310044, stack(0x000000001c8b0000,0x000000001c9b0000)]
  0x000000001bed1000 JavaThread "C2 CompilerThread0" daemon [_thread_blocked, id=320628, stack(0x000000001c7b0000,0x000000001c8b0000)]
  0x000000001bee7000 JavaThread "Monitor Ctrl-Break" daemon [_thread_in_native, id=199060, stack(0x000000001c6b0000,0x000000001c7b0000)]
  0x000000001a589000 JavaThread "Attach Listener" daemon [_thread_blocked, id=319536, stack(0x000000001bdb0000,0x000000001beb0000)]
  0x000000001a574800 JavaThread "Signal Dispatcher" daemon [_thread_blocked, id=316128, stack(0x000000001bcb0000,0x000000001bdb0000)]
  0x00000000032ba800 JavaThread "Finalizer" daemon [_thread_blocked, id=315760, stack(0x000000001b7b0000,0x000000001b8b0000)]
  0x00000000032b7000 JavaThread "Reference Handler" daemon [_thread_blocked, id=318416, stack(0x000000001b6b0000,0x000000001b7b0000)]

Other Threads:
  0x000000001a527800 VMThread [stack: 0x000000001b5b0000,0x000000001b6b0000] [id=308828]
  0x000000001c28f000 WatcherThread [stack: 0x000000001d1b0000,0x000000001d2b0000] [id=323220]

VM state:not at safepoint (normal execution)

VM Mutex/Monitor currently owned by a thread: None

heap address: 0x0000000701800000, size: 3048 MB, Compressed Oops mode: Zero based, Oop shift amount: 3
Narrow klass base: 0x0000000000000000, Narrow klass shift: 3
Compressed class space size: 1073741824 Address: 0x00000007c0000000

Heap:
 PSYoungGen      total 459264K, used 271989K [0x0000000780800000, 0x00000007a9280000, 0x00000007c0000000)
  eden space 405504K, 54% used [0x0000000780800000,0x000000078de24790,0x0000000799400000)
  from space 53760K, 98% used [0x0000000799400000,0x000000079c778dc8,0x000000079c880000)
  to   space 61440K, 0% used [0x00000007a5680000,0x00000007a5680000,0x00000007a9280000)
 ParOldGen       total 267776K, used 155250K [0x0000000701800000, 0x0000000711d80000, 0x0000000780800000)
  object space 267776K, 57% used [0x0000000701800000,0x000000070af9c878,0x0000000711d80000)
 Metaspace       used 47618K, capacity 48422K, committed 48856K, reserved 1091584K
  class space    used 6198K, capacity 6389K, committed 6400K, reserved 1048576K

Card table byte_map: [0x0000000012880000,0x0000000012e80000] byte_map_base: 0x000000000f074000

Marking Bits: (ParMarkBitMap*) 0x0000000067f65ce0
 Begin Bits: [0x0000000013680000, 0x0000000016620000)
 End Bits:   [0x0000000016620000, 0x00000000195c0000)

Polling page: 0x0000000001020000

CodeCache: size=245760Kb used=10738Kb max_used=10738Kb free=235021Kb
 bounds [0x00000000034c0000, 0x0000000003f40000, 0x00000000124c0000]
 total_blobs=5638 nmethods=4865 adapters=685
 compilation: enabled

Compilation events (10 events):
Event: 26.681 Thread 0x000000001bf45800 4966       1       javax.imageio.ImageReader::processImageProgress (56 bytes)
Event: 26.682 Thread 0x000000001bf45800 nmethod 4966 0x0000000003f3d610 code [0x0000000003f3d7a0, 0x0000000003f3da08]
Event: 26.847 Thread 0x000000001bf45800 4967       1       javax.imageio.spi.DigraphNode::getInDegree (5 bytes)
Event: 26.847 Thread 0x000000001bf45800 nmethod 4967 0x0000000003f3db90 code [0x0000000003f3dce0, 0x0000000003f3ddf0]
Event: 27.308 Thread 0x000000001bf45800 4968       1       java.awt.image.ComponentSampleModel::getScanlineStride (5 bytes)
Event: 27.308 Thread 0x000000001bf45800 nmethod 4968 0x0000000003f3de50 code [0x0000000003f3dfa0, 0x0000000003f3e0b0]
Event: 27.309 Thread 0x000000001bf45800 4969       1       java.awt.image.ComponentSampleModel::getPixelStride (5 bytes)
Event: 27.309 Thread 0x000000001bf45800 nmethod 4969 0x0000000003f3e110 code [0x0000000003f3e260, 0x0000000003f3e370]
Event: 27.309 Thread 0x000000001bf45800 4970       1       java.awt.image.DataBuffer::getOffset (5 bytes)
Event: 27.309 Thread 0x000000001bf45800 nmethod 4970 0x0000000003f3e3d0 code [0x0000000003f3e520, 0x0000000003f3e630]

GC Heap History (10 events):
Event: 24.947 GC heap before
{Heap before GC invocations=14 (full 2):
 PSYoungGen      total 295424K, used 295412K [0x0000000780800000, 0x0000000799600000, 0x00000007c0000000)
  eden space 266240K, 100% used [0x0000000780800000,0x0000000790c00000,0x0000000790c00000)
  from space 29184K, 99% used [0x0000000790c00000,0x000000079287d0c8,0x0000000792880000)
  to   space 36864K, 0% used [0x0000000797200000,0x0000000797200000,0x0000000799600000)
 ParOldGen       total 141824K, used 60929K [0x0000000701800000, 0x000000070a280000, 0x0000000780800000)
  object space 141824K, 42% used [0x0000000701800000,0x0000000705380748,0x000000070a280000)
 Metaspace       used 47618K, capacity 48422K, committed 48856K, reserved 1091584K
  class space    used 6198K, capacity 6389K, committed 6400K, reserved 1048576K
Event: 24.984 GC heap after
Heap after GC invocations=14 (full 2):
 PSYoungGen      total 364544K, used 32658K [0x0000000780800000, 0x0000000799800000, 0x00000007c0000000)
  eden space 327680K, 0% used [0x0000000780800000,0x0000000780800000,0x0000000794800000)
  from space 36864K, 88% used [0x0000000797200000,0x00000007991e49c0,0x0000000799600000)
  to   space 40960K, 0% used [0x0000000794800000,0x0000000794800000,0x0000000797000000)
 ParOldGen       total 141824K, used 117629K [0x0000000701800000, 0x000000070a280000, 0x0000000780800000)
  object space 141824K, 82% used [0x0000000701800000,0x0000000708adf7d8,0x000000070a280000)
 Metaspace       used 47618K, capacity 48422K, committed 48856K, reserved 1091584K
  class space    used 6198K, capacity 6389K, committed 6400K, reserved 1048576K
}
Event: 24.984 GC heap before
{Heap before GC invocations=15 (full 3):
 PSYoungGen      total 364544K, used 32658K [0x0000000780800000, 0x0000000799800000, 0x00000007c0000000)
  eden space 327680K, 0% used [0x0000000780800000,0x0000000780800000,0x0000000794800000)
  from space 36864K, 88% used [0x0000000797200000,0x00000007991e49c0,0x0000000799600000)
  to   space 40960K, 0% used [0x0000000794800000,0x0000000794800000,0x0000000797000000)
 ParOldGen       total 141824K, used 117629K [0x0000000701800000, 0x000000070a280000, 0x0000000780800000)
  object space 141824K, 82% used [0x0000000701800000,0x0000000708adf7d8,0x000000070a280000)
 Metaspace       used 47618K, capacity 48422K, committed 48856K, reserved 1091584K
  class space    used 6198K, capacity 6389K, committed 6400K, reserved 1048576K
Event: 25.209 GC heap after
Heap after GC invocations=15 (full 3):
 PSYoungGen      total 364544K, used 0K [0x0000000780800000, 0x0000000799800000, 0x00000007c0000000)
  eden space 327680K, 0% used [0x0000000780800000,0x0000000780800000,0x0000000794800000)
  from space 36864K, 0% used [0x0000000797200000,0x0000000797200000,0x0000000799600000)
  to   space 40960K, 0% used [0x0000000794800000,0x0000000794800000,0x0000000797000000)
 ParOldGen       total 267776K, used 86342K [0x0000000701800000, 0x0000000711d80000, 0x0000000780800000)
  object space 267776K, 32% used [0x0000000701800000,0x0000000706c51940,0x0000000711d80000)
 Metaspace       used 47618K, capacity 48422K, committed 48856K, reserved 1091584K
  class space    used 6198K, capacity 6389K, committed 6400K, reserved 1048576K
}
Event: 25.869 GC heap before
{Heap before GC invocations=16 (full 3):
 PSYoungGen      total 364544K, used 327680K [0x0000000780800000, 0x0000000799800000, 0x00000007c0000000)
  eden space 327680K, 100% used [0x0000000780800000,0x0000000794800000,0x0000000794800000)
  from space 36864K, 0% used [0x0000000797200000,0x0000000797200000,0x0000000799600000)
  to   space 40960K, 0% used [0x0000000794800000,0x0000000794800000,0x0000000797000000)
 ParOldGen       total 267776K, used 100519K [0x0000000701800000, 0x0000000711d80000, 0x0000000780800000)
  object space 267776K, 37% used [0x0000000701800000,0x0000000707a29d20,0x0000000711d80000)
 Metaspace       used 47618K, capacity 48422K, committed 48856K, reserved 1091584K
  class space    used 6198K, capacity 6389K, committed 6400K, reserved 1048576K
Event: 25.884 GC heap after
Heap after GC invocations=16 (full 3):
 PSYoungGen      total 368640K, used 40392K [0x0000000780800000, 0x000000079f680000, 0x00000007c0000000)
  eden space 327680K, 0% used [0x0000000780800000,0x0000000780800000,0x0000000794800000)
  from space 40960K, 98% used [0x0000000794800000,0x0000000796f720a0,0x0000000797000000)
  to   space 47104K, 0% used [0x000000079c880000,0x000000079c880000,0x000000079f680000)
 ParOldGen       total 267776K, used 116585K [0x0000000701800000, 0x0000000711d80000, 0x0000000780800000)
  object space 267776K, 43% used [0x0000000701800000,0x00000007089da568,0x0000000711d80000)
 Metaspace       used 47618K, capacity 48422K, committed 48856K, reserved 1091584K
  class space    used 6198K, capacity 6389K, committed 6400K, reserved 1048576K
}
Event: 26.422 GC heap before
{Heap before GC invocations=17 (full 3):
 PSYoungGen      total 368640K, used 368072K [0x0000000780800000, 0x000000079f680000, 0x00000007c0000000)
  eden space 327680K, 100% used [0x0000000780800000,0x0000000794800000,0x0000000794800000)
  from space 40960K, 98% used [0x0000000794800000,0x0000000796f720a0,0x0000000797000000)
  to   space 47104K, 0% used [0x000000079c880000,0x000000079c880000,0x000000079f680000)
 ParOldGen       total 267776K, used 116596K [0x0000000701800000, 0x0000000711d80000, 0x0000000780800000)
  object space 267776K, 43% used [0x0000000701800000,0x00000007089dd1e8,0x0000000711d80000)
 Metaspace       used 47618K, capacity 48422K, committed 48856K, reserved 1091584K
  class space    used 6198K, capacity 6389K, committed 6400K, reserved 1048576K
Event: 26.443 GC heap after
Heap after GC invocations=17 (full 3):
 PSYoungGen      total 452608K, used 45198K [0x0000000780800000, 0x00000007a1380000, 0x00000007c0000000)
  eden space 405504K, 0% used [0x0000000780800000,0x0000000780800000,0x0000000799400000)
  from space 47104K, 95% used [0x000000079c880000,0x000000079f4a3818,0x000000079f680000)
  to   space 53760K, 0% used [0x0000000799400000,0x0000000799400000,0x000000079c880000)
 ParOldGen       total 267776K, used 126587K [0x0000000701800000, 0x0000000711d80000, 0x0000000780800000)
  object space 267776K, 47% used [0x0000000701800000,0x000000070939ee20,0x0000000711d80000)
 Metaspace       used 47618K, capacity 48422K, committed 48856K, reserved 1091584K
  class space    used 6198K, capacity 6389K, committed 6400K, reserved 1048576K
}
Event: 26.984 GC heap before
{Heap before GC invocations=18 (full 3):
 PSYoungGen      total 452608K, used 450702K [0x0000000780800000, 0x00000007a1380000, 0x00000007c0000000)
  eden space 405504K, 100% used [0x0000000780800000,0x0000000799400000,0x0000000799400000)
  from space 47104K, 95% used [0x000000079c880000,0x000000079f4a3818,0x000000079f680000)
  to   space 53760K, 0% used [0x0000000799400000,0x0000000799400000,0x000000079c880000)
 ParOldGen       total 267776K, used 131794K [0x0000000701800000, 0x0000000711d80000, 0x0000000780800000)
  object space 267776K, 49% used [0x0000000701800000,0x00000007098b4bb0,0x0000000711d80000)
 Metaspace       used 47618K, capacity 48422K, committed 48856K, reserved 1091584K
  class space    used 6198K, capacity 6389K, committed 6400K, reserved 1048576K
Event: 27.007 GC heap after
Heap after GC invocations=18 (full 3):
 PSYoungGen      total 459264K, used 52707K [0x0000000780800000, 0x00000007a9280000, 0x00000007c0000000)
  eden space 405504K, 0% used [0x0000000780800000,0x0000000780800000,0x0000000799400000)
  from space 53760K, 98% used [0x0000000799400000,0x000000079c778dc8,0x000000079c880000)
  to   space 61440K, 0% used [0x00000007a5680000,0x00000007a5680000,0x00000007a9280000)
 ParOldGen       total 267776K, used 155250K [0x0000000701800000, 0x0000000711d80000, 0x0000000780800000)
  object space 267776K, 57% used [0x0000000701800000,0x000000070af9c878,0x0000000711d80000)
 Metaspace       used 47618K, capacity 48422K, committed 48856K, reserved 1091584K
  class space    used 6198K, capacity 6389K, committed 6400K, reserved 1048576K
}

Deoptimization events (0 events):
No events

Classes redefined (0 events):
No events

Internal exceptions (10 events):
Event: 14.819 Thread 0x000000002ef31800 Exception <a 'java/lang/ArrayIndexOutOfBoundsException'> (0x0000000789557b80) thrown at [C:\re\workspace\8-2-build-windows-amd64-cygwin\jdk8u211\12973\hotspot\src\share\vm\runtime\sharedRuntime.cpp, line 605]
Event: 14.820 Thread 0x000000002ef31800 Exception <a 'java/lang/ArrayIndexOutOfBoundsException'> (0x0000000789559708) thrown at [C:\re\workspace\8-2-build-windows-amd64-cygwin\jdk8u211\12973\hotspot\src\share\vm\runtime\sharedRuntime.cpp, line 605]
Event: 14.820 Thread 0x000000002ef31800 Exception <a 'java/lang/ArrayIndexOutOfBoundsException'> (0x000000078955aea8) thrown at [C:\re\workspace\8-2-build-windows-amd64-cygwin\jdk8u211\12973\hotspot\src\share\vm\runtime\sharedRuntime.cpp, line 605]
Event: 14.822 Thread 0x000000002ef31800 Exception <a 'java/lang/ArrayIndexOutOfBoundsException'> (0x00000007895677d0) thrown at [C:\re\workspace\8-2-build-windows-amd64-cygwin\jdk8u211\12973\hotspot\src\share\vm\runtime\sharedRuntime.cpp, line 605]
Event: 14.822 Thread 0x000000002ef31800 Exception <a 'java/lang/ArrayIndexOutOfBoundsException'> (0x000000078956b030) thrown at [C:\re\workspace\8-2-build-windows-amd64-cygwin\jdk8u211\12973\hotspot\src\share\vm\runtime\sharedRuntime.cpp, line 605]
Event: 14.822 Thread 0x000000002ef31800 Exception <a 'java/lang/ArrayIndexOutOfBoundsException'> (0x000000078956c288) thrown at [C:\re\workspace\8-2-build-windows-amd64-cygwin\jdk8u211\12973\hotspot\src\share\vm\runtime\sharedRuntime.cpp, line 605]
Event: 14.823 Thread 0x000000002ef31800 Exception <a 'java/lang/ArrayIndexOutOfBoundsException'> (0x0000000789577748) thrown at [C:\re\workspace\8-2-build-windows-amd64-cygwin\jdk8u211\12973\hotspot\src\share\vm\runtime\sharedRuntime.cpp, line 605]
Event: 14.824 Thread 0x000000002ef31800 Exception <a 'java/lang/ArrayIndexOutOfBoundsException'> (0x000000078957aec8) thrown at [C:\re\workspace\8-2-build-windows-amd64-cygwin\jdk8u211\12973\hotspot\src\share\vm\runtime\sharedRuntime.cpp, line 605]
Event: 14.907 Thread 0x000000002ef2d000 Exception <a 'java/lang/ArrayIndexOutOfBoundsException'> (0x0000000787c21188) thrown at [C:\re\workspace\8-2-build-windows-amd64-cygwin\jdk8u211\12973\hotspot\src\share\vm\runtime\sharedRuntime.cpp, line 605]
Event: 18.191 Thread 0x000000002ef2d800 Exception <a 'java/io/FileNotFoundException'> (0x0000000787b951b8) thrown at [C:\re\workspace\8-2-build-windows-amd64-cygwin\jdk8u211\12973\hotspot\src\share\vm\prims\jni.cpp, line 710]

Events (10 events):
Event: 27.007 Executing VM operation: RevokeBias
Event: 27.008 Executing VM operation: RevokeBias done
Event: 27.008 Executing VM operation: RevokeBias
Event: 27.008 Executing VM operation: RevokeBias done
Event: 27.008 Executing VM operation: RevokeBias
Event: 27.008 Executing VM operation: RevokeBias done
Event: 27.008 Executing VM operation: RevokeBias
Event: 27.008 Executing VM operation: RevokeBias done
Event: 27.008 Executing VM operation: RevokeBias
Event: 27.008 Executing VM operation: RevokeBias done


Dynamic libraries:
0x00007ff6d0b20000 - 0x00007ff6d0b57000 	C:\Program Files\Java\jdk1.8.0_211\bin\java.exe
0x00007ff9ed630000 - 0x00007ff9ed81d000 	C:\WINDOWS\SYSTEM32\ntdll.dll
0x00007ff9eae30000 - 0x00007ff9eaee3000 	C:\WINDOWS\System32\KERNEL32.DLL
0x00007ff9ea2d0000 - 0x00007ff9ea563000 	C:\WINDOWS\System32\KERNELBASE.dll
0x00007ff9eb300000 - 0x00007ff9eb3a3000 	C:\WINDOWS\System32\ADVAPI32.dll
0x00007ff9ebca0000 - 0x00007ff9ebd3e000 	C:\WINDOWS\System32\msvcrt.dll
0x00007ff9eb3b0000 - 0x00007ff9eb44e000 	C:\WINDOWS\System32\sechost.dll
0x00007ff9ebd50000 - 0x00007ff9ebe72000 	C:\WINDOWS\System32\RPCRT4.dll
0x00007ff9eba90000 - 0x00007ff9ebc27000 	C:\WINDOWS\System32\USER32.dll
0x00007ff9ea570000 - 0x00007ff9ea590000 	C:\WINDOWS\System32\win32u.dll
0x00007ff9ebe80000 - 0x00007ff9ebea9000 	C:\WINDOWS\System32\GDI32.dll
0x00007ff9e97d0000 - 0x00007ff9e9969000 	C:\WINDOWS\System32\gdi32full.dll
0x00007ff9e9970000 - 0x00007ff9e9a10000 	C:\WINDOWS\System32\msvcp_win.dll
0x00007ff9e9a10000 - 0x00007ff9e9b0a000 	C:\WINDOWS\System32\ucrtbase.dll
0x00007ff9dcb70000 - 0x00007ff9dcde9000 	C:\WINDOWS\WinSxS\amd64_microsoft.windows.common-controls_6595b64144ccf1df_6.0.17763.864_none_05b3441807210760\COMCTL32.dll
0x00007ff9eb4c0000 - 0x00007ff9eb7ec000 	C:\WINDOWS\System32\combase.dll
0x00007ff9ea6d0000 - 0x00007ff9ea74e000 	C:\WINDOWS\System32\bcryptPrimitives.dll
0x00007ff9eb950000 - 0x00007ff9eb97e000 	C:\WINDOWS\System32\IMM32.DLL
0x0000000067ff0000 - 0x00000000680c2000 	C:\Program Files\Java\jdk1.8.0_211\jre\bin\msvcr100.dll
0x0000000067740000 - 0x0000000067fe5000 	C:\Program Files\Java\jdk1.8.0_211\jre\bin\server\jvm.dll
0x00007ff9eb450000 - 0x00007ff9eb458000 	C:\WINDOWS\System32\PSAPI.DLL
0x00007ff9d9ee0000 - 0x00007ff9d9ee9000 	C:\WINDOWS\SYSTEM32\WSOCK32.dll
0x00007ff9ebc30000 - 0x00007ff9ebc9d000 	C:\WINDOWS\System32\WS2_32.dll
0x00007ff9dec00000 - 0x00007ff9dec24000 	C:\WINDOWS\SYSTEM32\WINMM.dll
0x00007ff9e2120000 - 0x00007ff9e212a000 	C:\WINDOWS\SYSTEM32\VERSION.dll
0x00007ff9de9c0000 - 0x00007ff9de9ed000 	C:\WINDOWS\SYSTEM32\WINMMBASE.dll
0x00007ff9e9b10000 - 0x00007ff9e9b5a000 	C:\WINDOWS\System32\cfgmgr32.dll
0x00007ff9e3bb0000 - 0x00007ff9e3bbf000 	C:\Program Files\Java\jdk1.8.0_211\jre\bin\verify.dll
0x00007ff9e37f0000 - 0x00007ff9e3819000 	C:\Program Files\Java\jdk1.8.0_211\jre\bin\java.dll
0x00007ff9e37c0000 - 0x00007ff9e37e3000 	C:\Program Files\Java\jdk1.8.0_211\jre\bin\instrument.dll
0x00007ff9e3710000 - 0x00007ff9e3726000 	C:\Program Files\Java\jdk1.8.0_211\jre\bin\zip.dll
0x00007ff9ebec0000 - 0x00007ff9ed3b4000 	C:\WINDOWS\System32\SHELL32.dll
0x00007ff9ed4f0000 - 0x00007ff9ed598000 	C:\WINDOWS\System32\shcore.dll
0x00007ff9e9b60000 - 0x00007ff9ea2ad000 	C:\WINDOWS\System32\windows.storage.dll
0x00007ff9e9760000 - 0x00007ff9e9784000 	C:\WINDOWS\System32\profapi.dll
0x00007ff9e9700000 - 0x00007ff9e975d000 	C:\WINDOWS\System32\powrprof.dll
0x00007ff9ed5a0000 - 0x00007ff9ed5f2000 	C:\WINDOWS\System32\shlwapi.dll
0x00007ff9e9790000 - 0x00007ff9e97a1000 	C:\WINDOWS\System32\kernel.appcore.dll
0x00007ff9ea2b0000 - 0x00007ff9ea2c7000 	C:\WINDOWS\System32\cryptsp.dll
0x00007ff9e2dc0000 - 0x00007ff9e2dda000 	D:\IntelliJ IDEA 2018.3.3\bin\breakgen64.dll
0x00007ff9e2d40000 - 0x00007ff9e2d5a000 	C:\Program Files\Java\jdk1.8.0_211\jre\bin\net.dll
0x00007ff9dc320000 - 0x00007ff9dc4f7000 	C:\WINDOWS\SYSTEM32\urlmon.dll
0x00007ff9d6bb0000 - 0x00007ff9d6e58000 	C:\WINDOWS\SYSTEM32\iertutil.dll
0x00007ff9e9140000 - 0x00007ff9e914c000 	C:\WINDOWS\SYSTEM32\CRYPTBASE.DLL
0x00007ff9e8f70000 - 0x00007ff9e8fd7000 	C:\WINDOWS\system32\mswsock.dll
0x00007ff9e32c0000 - 0x00007ff9e32cd000 	C:\Program Files\Java\jdk1.8.0_211\jre\bin\management.dll
0x00007ff9df3d0000 - 0x00007ff9df3e2000 	C:\Program Files\Java\jdk1.8.0_211\jre\bin\nio.dll
0x00007ff9d8f60000 - 0x00007ff9d8f76000 	C:\WINDOWS\system32\napinsp.dll
0x00007ff9d1b60000 - 0x00007ff9d1b7a000 	C:\WINDOWS\system32\pnrpnsp.dll
0x00007ff9e8cd0000 - 0x00007ff9e8d96000 	C:\WINDOWS\SYSTEM32\DNSAPI.dll
0x00007ff9ebeb0000 - 0x00007ff9ebeb8000 	C:\WINDOWS\System32\NSI.dll
0x00007ff9e8c90000 - 0x00007ff9e8ccd000 	C:\WINDOWS\SYSTEM32\IPHLPAPI.DLL
0x00007ff9d8f50000 - 0x00007ff9d8f5e000 	C:\WINDOWS\System32\winrnr.dll
0x00007ff9e4870000 - 0x00007ff9e488b000 	C:\WINDOWS\system32\NLAapi.dll
0x00007ff9e2bf0000 - 0x00007ff9e2c05000 	C:\WINDOWS\system32\wshbth.dll
0x00007ff9e0630000 - 0x00007ff9e063a000 	C:\Windows\System32\rasadhlp.dll
0x00007ff9e21b0000 - 0x00007ff9e2229000 	C:\WINDOWS\System32\fwpuclnt.dll
0x00007ff9ea6a0000 - 0x00007ff9ea6c6000 	C:\WINDOWS\System32\bcrypt.dll
0x00007ff9e8af0000 - 0x00007ff9e8b23000 	C:\WINDOWS\system32\rsaenh.dll
0x00007ff9e9630000 - 0x00007ff9e9658000 	C:\WINDOWS\SYSTEM32\USERENV.dll
0x00007ff9e2bb0000 - 0x00007ff9e2bc6000 	C:\WINDOWS\SYSTEM32\dhcpcsvc6.DLL
0x00007ff9e2b90000 - 0x00007ff9e2bac000 	C:\WINDOWS\SYSTEM32\dhcpcsvc.DLL
0x00007ff9e3240000 - 0x00007ff9e324a000 	E:\SSH\libarcsoft_face_engine_jni.dll
0x00007ff9ddef0000 - 0x00007ff9ddf96000 	C:\WINDOWS\SYSTEM32\MSVCP120.dll
0x00007ff9cb630000 - 0x00007ff9cb71f000 	C:\WINDOWS\SYSTEM32\MSVCR120.dll
0x00007ff9dde80000 - 0x00007ff9ddee6000 	E:\SSH\libarcsoft_face_engine.dll
0x00007ff9eb980000 - 0x00007ff9eb9e0000 	C:\WINDOWS\System32\WLDAP32.dll
0x00007ff98e030000 - 0x00007ff990d5f000 	E:\SSH\libarcsoft_face.dll
0x00007ff9b3820000 - 0x00007ff9b39b9000 	C:\Program Files\Java\jdk1.8.0_211\jre\bin\awt.dll
0x00007ff9eb0c0000 - 0x00007ff9eb184000 	C:\WINDOWS\System32\OLEAUT32.dll
0x00007ff9e6cf0000 - 0x00007ff9e6d7c000 	C:\WINDOWS\SYSTEM32\apphelp.dll
0x00007ff9decf0000 - 0x00007ff9ded21000 	C:\Program Files\Java\jdk1.8.0_211\jre\bin\jpeg.dll
0x00007ff9e80f0000 - 0x00007ff9e82dd000 	C:\WINDOWS\SYSTEM32\dbghelp.dll

VM Arguments:
jvm_args: -XX:TieredStopAtLevel=1 -Xverify:none -Dspring.output.ansi.enabled=always -Dcom.sun.management.jmxremote -Dcom.sun.management.jmxremote.port=64380 -Dcom.sun.management.jmxremote.authenticate=false -Dcom.sun.management.jmxremote.ssl=false -Djava.rmi.server.hostname=localhost -Dspring.liveBeansView.mbeanDomain -Dspring.application.admin.enabled=true -javaagent:D:\IntelliJ IDEA 2018.3.3\lib\idea_rt.jar=64381:D:\IntelliJ IDEA 2018.3.3\bin -Dfile.encoding=UTF-8 
java_command: top.jglo.hotel.HotelFuFuApplication
java_class_path (initial): C:\Program Files\Java\jdk1.8.0_211\jre\lib\charsets.jar;C:\Program Files\Java\jdk1.8.0_211\jre\lib\deploy.jar;C:\Program Files\Java\jdk1.8.0_211\jre\lib\ext\access-bridge-64.jar;C:\Program Files\Java\jdk1.8.0_211\jre\lib\ext\cldrdata.jar;C:\Program Files\Java\jdk1.8.0_211\jre\lib\ext\dnsns.jar;C:\Program Files\Java\jdk1.8.0_211\jre\lib\ext\jaccess.jar;C:\Program Files\Java\jdk1.8.0_211\jre\lib\ext\jfxrt.jar;C:\Program Files\Java\jdk1.8.0_211\jre\lib\ext\localedata.jar;C:\Program Files\Java\jdk1.8.0_211\jre\lib\ext\nashorn.jar;C:\Program Files\Java\jdk1.8.0_211\jre\lib\ext\sunec.jar;C:\Program Files\Java\jdk1.8.0_211\jre\lib\ext\sunjce_provider.jar;C:\Program Files\Java\jdk1.8.0_211\jre\lib\ext\sunmscapi.jar;C:\Program Files\Java\jdk1.8.0_211\jre\lib\ext\sunpkcs11.jar;C:\Program Files\Java\jdk1.8.0_211\jre\lib\ext\zipfs.jar;C:\Program Files\Java\jdk1.8.0_211\jre\lib\javaws.jar;C:\Program Files\Java\jdk1.8.0_211\jre\lib\jce.jar;C:\Program Files\Java\jdk1.8.0_211\jre\lib\jfr.jar;C:\Program Files\Java\jdk1.8.0_211\jre\lib\jfxswt.jar;C:\Program Files\Java\jdk1.8.0_211\jre\lib\jsse.jar;C:\Program Files\Java\jdk1.8.0_211\jre\lib\management-agent.jar;C:\Program Files\Java\jdk1.8.0_211\jre\lib\plugin.jar;C:\Program Files\Java\jdk1.8.0_211\jre\lib\resources.jar;C:\Program Files\Java\jdk1.8.0_211\jre\lib\rt.jar;E:\HotelFuFu\HotelFuFu1.0\target\classes;E:\HotelFuFu\虹软实例\libs\arcsoft-sdk-face-2.0.0.0.jar;D:\Maven\repository\org\springframework\boot\spring-boot-devtools\1.5.2.RELEASE\spring-boot-devtools-1.5.2.RELEASE.jar;D:\Maven\repository\org\springframework\boot\spring-boot\1.5.2.RELEASE\spring-boot-1.5.2.RELEASE.jar;D:\Maven\repository\org\springframework\boot\spring-boot-autoconfigure\1.5.2.RELEASE\spring-boot-autoconfigure-1.5.2.RELEASE.jar;D:\Maven\repository\org\springframework\boot\spring-boot-starter-data-jpa\1.5.2.RELEASE\spring-boot-starter-data-jpa-1.5.2.RELEASE.jar;D:\Maven\repository\org\springframework\boot\spring-boot-starter\1.5
Launcher Type: SUN_STANDARD

Environment Variables:
JAVA_HOME=C:\Program Files\Java\jdk-12.0.1
CLASSPATH= .;C:\Program Files\Java\jdk-12.0.1\lib;C:\Program Files\Java\jdk-12.0.1\lib\tools.jar
PATH=C:\Program Files (x86)\Common Files\Oracle\Java\javapath;C:\Program Files\Intel\iCLS Client\;C:\Windows\system32;C:\Windows;C:\Windows\System32\Wbem;C:\Windows\System32\WindowsPowerShell\v1.0\;C:\Program Files (x86)\NVIDIA Corporation\PhysX\Common;C:\Program Files (x86)\Intel\Intel(R) Management Engine Components\DAL;C:\Program Files\Intel\Intel(R) Management Engine Components\DAL;C:\WINDOWS\system32;C:\WINDOWS;C:\WINDOWS\System32\Wbem;C:\WINDOWS\System32\WindowsPowerShell\v1.0\;C:\WINDOWS\System32\OpenSSH\;C:\Program Files\Java\jdk-12.0.1\bin;D:\Git\cmd;C:\ProgramData\Microsoft\Windows\Start Menu\Programs\MySQL\MySQL Server 8.0;C:\Program Files\MySQL\MySQL Server 8.0\bin;D:\node.js\;D:\Maven\apache-maven-3.6.1\bin;D:\yarn\bin\;C:\Program Files\dotnet\;C:\Program Files\Intel\WiFi\bin\;C:\Program Files\Common Files\Intel\WirelessCommon\;D:\PowerISO\common;C:\Users\zjc\AppData\Local\Microsoft\WindowsApps;C:\Program Files\Intel\WiFi\bin\;C:\Program Files\Common Files\Intel\WirelessCommon\;C:\Users\zjc\AppData\Roaming\npm;C:\Users\zjc\AppData\Local\Yarn\bin;C:\Users\zjc\AppData\Local\GitHubDesktop\bin;E:\SSH
USERNAME=zjc
OS=Windows_NT
PROCESSOR_IDENTIFIER=Intel64 Family 6 Model 142 Stepping 9, GenuineIntel



---------------  S Y S T E M  ---------------

OS: Windows 10.0 , 64 bit Build 17763 (10.0.17763.475)

CPU:total 4 (initial active 4) (2 cores per cpu, 2 threads per core) family 6 model 142 stepping 9, cmov, cx8, fxsr, mmx, sse, sse2, sse3, ssse3, sse4.1, sse4.2, popcnt, avx, avx2, aes, clmul, erms, 3dnowpref, lzcnt, ht, tsc, tscinvbit, bmi1, bmi2, adx

Memory: 4k page, physical 12478944k(1376164k free), swap 18630784k(3054144k free)

vm_info: Java HotSpot(TM) 64-Bit Server VM (25.211-b12) for windows-amd64 JRE (1.8.0_211-b12), built on Apr  1 2019 20:53:26 by "java_re" with MS VC++ 10.0 (VS2010)

time: Tue Nov 26 17:06:36 2019
timezone: 中国标准时间
elapsed time: 27 seconds (0d 0h 0m 27s)

